12 Oct 09:20:03 - Watching /Users/paul/.hotel/servers
create /Users/paul/.hotel/daemon.pid 66186
12 Oct 09:20:03 - Server listening on port 127.0.0.1:2000
12 Oct 09:21:31 - Serve proxy.pac
12 Oct 09:21:31 - Serve proxy.pac
12 Oct 09:21:31 - Serve proxy.pac
12 Oct 09:21:31 - Serve proxy.pac
12 Oct 09:21:32 - Serve proxy.pac
12 Oct 09:21:35 - Serve proxy.pac
12 Oct 09:21:38 - hotel.dev
12 Oct 09:21:38 - hotel.dev
12 Oct 09:21:38 - hotel.dev
12 Oct 09:21:38 - hotel.dev
12 Oct 09:21:39 - hotel.dev
12 Oct 09:22:30 - Serve proxy.pac
12 Oct 09:22:38 - Serve proxy.pac
12 Oct 09:23:00 - Serve proxy.pac
12 Oct 09:23:23 - Serve proxy.pac
12 Oct 09:23:23 - Serve proxy.pac
12 Oct 09:24:55 - Serve proxy.pac
12 Oct 09:26:47 - Serve proxy.pac
12 Oct 09:31:09 - Serve proxy.pac
12 Oct 09:31:13 - /Users/paul/.hotel/servers/test-hotel.json added
12 Oct 09:31:13 - Add server test-hotel
12 Oct 09:31:13 - hotel.dev
12 Oct 09:31:23 - hotel.dev
12 Oct 09:31:23 - hotel.dev
12 Oct 09:31:23 - hotel.dev
12 Oct 09:31:23 - hotel.dev
12 Oct 09:31:24 - hotel.dev
12 Oct 09:31:24 - hotel.dev
12 Oct 09:31:26 - Resolve test-hotel
12 Oct 09:31:26 - test-hotel has started
12 Oct 09:31:28 - test-hotel child process has exited
12 Oct 09:31:28 - test-hotel has crashed
12 Oct 09:31:28 - test-hotel has stopped
12 Oct 09:31:38 - hotel.dev
12 Oct 09:31:38 - hotel.dev
12 Oct 09:31:38 - hotel.dev
12 Oct 09:31:38 - hotel.dev
12 Oct 09:31:39 - hotel.dev
12 Oct 09:31:39 - hotel.dev
12 Oct 09:31:41 - Resolve test-hotel
12 Oct 09:31:41 - test-hotel has started
12 Oct 09:31:43 - test-hotel child process has exited
12 Oct 09:31:43 - test-hotel has crashed
12 Oct 09:31:43 - test-hotel has stopped
12 Oct 09:32:51 - Serve proxy.pac
12 Oct 09:38:47 - Resolve test-hotel
12 Oct 09:38:47 - test-hotel has started
12 Oct 09:38:49 - test-hotel child process has exited
12 Oct 09:38:49 - test-hotel has crashed
12 Oct 09:38:49 - test-hotel has stopped
12 Oct 09:38:52 - Resolve test-hotel
12 Oct 09:38:52 - test-hotel has started
12 Oct 09:38:54 - test-hotel child process has exited
12 Oct 09:38:54 - test-hotel has crashed
12 Oct 09:38:54 - test-hotel has stopped
12 Oct 09:39:46 - /Users/paul/.hotel/servers/test-hotel.json unlinked
12 Oct 09:39:46 - test-hotel has stopped
12 Oct 09:39:52 - hotel.dev
12 Oct 09:39:52 - hotel.dev
12 Oct 09:39:52 - hotel.dev
12 Oct 09:39:52 - hotel.dev
12 Oct 09:39:53 - hotel.dev
12 Oct 09:39:58 - hotel.dev
12 Oct 09:39:58 - hotel.dev
12 Oct 09:39:58 - hotel.dev
12 Oct 09:39:58 - hotel.dev
12 Oct 09:46:05 - Serve proxy.pac
12 Oct 09:47:34 - Serve proxy.pac
12 Oct 09:47:47 - Serve proxy.pac
12 Oct 09:47:53 - Serve proxy.pac
12 Oct 09:47:53 - Serve proxy.pac
12 Oct 09:48:23 - /Users/paul/.hotel/servers/paul-test.json added
12 Oct 09:48:23 - Add server paul-test
12 Oct 09:48:24 - hotel.dev
12 Oct 09:48:32 - Resolve paul-test
12 Oct 09:48:32 - paul-test has started
12 Oct 09:48:36 - Resolve paul-test
12 Oct 09:48:41 - Proxy http://paul-test.dev to http://localhost:57458
12 Oct 09:48:41 - Proxy error
12 Oct 09:48:42 - Resolve paul-test
12 Oct 09:48:47 - Proxy http://paul-test.dev to http://localhost:57458
12 Oct 09:48:47 - Proxy error
12 Oct 09:48:51 - Resolve paul-test
12 Oct 09:48:56 - Proxy http://paul-test.dev to http://localhost:57458
12 Oct 09:48:57 - Proxy error
12 Oct 09:48:57 - Resolve paul-test
12 Oct 09:49:02 - Proxy http://paul-test.dev to http://localhost:57458
12 Oct 09:49:02 - Proxy error
12 Oct 09:49:21 - Resolve paul-test
12 Oct 09:49:21 - paul-test child process has exited
12 Oct 09:49:21 - paul-test has stopped
12 Oct 09:49:45 - /Users/paul/.hotel/servers/paul-test.json unlinked
12 Oct 09:50:49 - /Users/paul/.hotel/servers/paul-test.json added
12 Oct 09:50:49 - Add server paul-test
12 Oct 09:50:52 - Resolve paul-test
12 Oct 09:50:52 - paul-test has started
12 Oct 09:51:06 - Resolve paul-test
12 Oct 09:51:06 - Proxy http://paul-test.dev to http://localhost:57671
12 Oct 09:51:07 - Resolve paul-test
12 Oct 09:51:07 - Proxy http://paul-test.dev to http://localhost:57671
12 Oct 09:51:15 - Resolve paul-test
12 Oct 09:51:15 - Proxy http://paul-test.dev to http://localhost:57671
12 Oct 09:51:17 - Resolve paul-test
12 Oct 09:51:17 - Proxy http://paul-test.dev to http://localhost:57671
12 Oct 09:51:40 - Resolve paul-test
12 Oct 09:51:40 - paul-test child process has exited
12 Oct 09:51:40 - paul-test has stopped
12 Oct 09:51:51 - Resolve paul-test
12 Oct 09:51:51 - paul-test has started
12 Oct 09:51:52 - Proxy http://paul-test.dev to http://localhost:57671
12 Oct 09:51:58 - Resolve paul-test
12 Oct 09:51:58 - paul-test child process has exited
12 Oct 09:51:58 - paul-test has stopped
12 Oct 09:54:20 - Serve proxy.pac
12 Oct 09:54:20 - Serve proxy.pac
12 Oct 09:55:14 - Serve proxy.pac
12 Oct 10:04:52 - Serve proxy.pac
12 Oct 11:49:04 - Watching /Users/paul/.hotel/servers
12 Oct 11:49:04 - /Users/paul/.hotel/servers/paul-test.json added
12 Oct 11:49:04 - Add server paul-test
create /Users/paul/.hotel/daemon.pid 4665
12 Oct 11:49:04 - Server listening on port 127.0.0.1:2000
12 Oct 11:49:04 - /Users/paul/.hotel/servers/paul-test.json added
12 Oct 11:49:04 - Add server paul-test
12 Oct 11:49:16 - hotel.dev
12 Oct 11:49:16 - hotel.dev
12 Oct 11:49:16 - hotel.dev
12 Oct 11:49:16 - hotel.dev
12 Oct 11:49:17 - hotel.dev
12 Oct 11:50:12 - hotel.dev
12 Oct 11:50:12 - hotel.dev
12 Oct 11:50:12 - hotel.dev
12 Oct 11:50:12 - hotel.dev
12 Oct 11:50:13 - hotel.dev
12 Oct 11:50:13 - hotel.dev
12 Oct 12:04:15 - /Users/paul/.hotel/servers/google.json added
12 Oct 12:04:15 - Add target google
12 Oct 12:04:23 - Resolve google
12 Oct 12:04:23 - Proxy http://google.dev to https://www.google.com
12 Oct 12:04:23 - Proxy error
12 Oct 12:04:24 - Resolve google
12 Oct 12:04:24 - Proxy http://google.dev to https://www.google.com
12 Oct 12:04:24 - Proxy error
12 Oct 12:04:41 - /Users/paul/.hotel/servers/google.json unlinked
12 Oct 12:04:43 - Resolve google
12 Oct 12:04:43 - Can't find server id: undefined
12 Oct 12:04:44 - Resolve google
12 Oct 12:04:44 - Can't find server id: undefined
12 Oct 12:04:44 - hotel.dev
12 Oct 12:04:45 - hotel.dev
12 Oct 12:04:45 - hotel.dev
12 Oct 12:04:45 - hotel.dev
12 Oct 12:04:45 - hotel.dev
12 Oct 12:07:14 - /Users/paul/.hotel/servers/npm-debug.log added
12 Oct 12:07:14 - Error: Failed to parse /Users/paul/.hotel/servers/npm-debug.log SyntaxError: Unexpected token i in JSON at position 2
    at Object.parse (native)
    at handleAdd (/Users/paul/.nvm/versions/node/v6.7.0/lib/node_modules/hotel/lib/daemon/loader.js:19:21)
    at FSWatcher.<anonymous> (/Users/paul/.nvm/versions/node/v6.7.0/lib/node_modules/hotel/lib/daemon/loader.js:51:14)
    at emitOne (events.js:96:13)
    at FSWatcher.emit (events.js:188:7)
    at FSWatcher.<anonymous> (/Users/paul/.nvm/versions/node/v6.7.0/lib/node_modules/hotel/node_modules/chokidar/index.js:191:15)
    at FSWatcher._emit (/Users/paul/.nvm/versions/node/v6.7.0/lib/node_modules/hotel/node_modules/chokidar/index.js:233:5)
    at FSWatcher.<anonymous> (/Users/paul/.nvm/versions/node/v6.7.0/lib/node_modules/hotel/node_modules/chokidar/lib/fsevents-handler.js:204:14)
    at addOrChange (/Users/paul/.nvm/versions/node/v6.7.0/lib/node_modules/hotel/node_modules/chokidar/lib/fsevents-handler.js:210:7)
    at /Users/paul/.nvm/versions/node/v6.7.0/lib/node_modules/hotel/node_modules/chokidar/lib/fsevents-handler.js:216:35
12 Oct 12:09:36 - /Users/paul/.hotel/servers/npm-debug.log changed
12 Oct 12:09:36 - /Users/paul/.hotel/servers/npm-debug.log unlinked
12 Oct 12:09:36 - /Users/paul/.hotel/servers/npm-debug.log added
12 Oct 12:09:36 - Error: Failed to parse /Users/paul/.hotel/servers/npm-debug.log SyntaxError: Unexpected token i in JSON at position 2
    at Object.parse (native)
    at handleAdd (/Users/paul/.nvm/versions/node/v6.7.0/lib/node_modules/hotel/lib/daemon/loader.js:19:21)
    at /Users/paul/.nvm/versions/node/v6.7.0/lib/node_modules/hotel/lib/daemon/loader.js:35:5
    at Group.remove (/Users/paul/.nvm/versions/node/v6.7.0/lib/node_modules/hotel/lib/daemon/group.js:201:13)
    at handleUnlink (/Users/paul/.nvm/versions/node/v6.7.0/lib/node_modules/hotel/lib/daemon/loader.js:29:9)
    at handleChange (/Users/paul/.nvm/versions/node/v6.7.0/lib/node_modules/hotel/lib/daemon/loader.js:34:3)
    at FSWatcher.<anonymous> (/Users/paul/.nvm/versions/node/v6.7.0/lib/node_modules/hotel/lib/daemon/loader.js:53:14)
    at emitOne (events.js:96:13)
    at FSWatcher.emit (events.js:188:7)
    at FSWatcher.<anonymous> (/Users/paul/.nvm/versions/node/v6.7.0/lib/node_modules/hotel/node_modules/chokidar/index.js:191:15)
12 Oct 12:12:10 - /Users/paul/.hotel/servers/npm-debug.log unlinked
12 Oct 12:27:44 - Serve proxy.pac
12 Oct 12:29:18 - Serve proxy.pac
15 Oct 13:51:54 - Watching /Users/paul/.hotel/servers
15 Oct 13:51:54 - /Users/paul/.hotel/servers/paul-test.json added
15 Oct 13:51:54 - Add server paul-test
create /Users/paul/.hotel/daemon.pid 493
15 Oct 13:51:54 - Server listening on port 127.0.0.1:2000
15 Oct 13:51:55 - Serve proxy.pac
15 Oct 13:51:55 - Serve proxy.pac
15 Oct 13:51:55 - Serve proxy.pac
15 Oct 13:51:55 - Serve proxy.pac
15 Oct 13:51:55 - /Users/paul/.hotel/servers/paul-test.json added
15 Oct 13:51:55 - Add server paul-test
15 Oct 13:51:57 - Serve proxy.pac
15 Oct 13:51:57 - Serve proxy.pac
15 Oct 13:51:57 - Serve proxy.pac
15 Oct 13:52:03 - Serve proxy.pac
15 Oct 13:52:05 - Serve proxy.pac
15 Oct 13:52:05 - Serve proxy.pac
15 Oct 13:52:05 - Serve proxy.pac
24 Oct 17:24:33 - Watching /Users/paul/.hotel/servers
24 Oct 17:24:33 - /Users/paul/.hotel/servers/paul-test.json added
24 Oct 17:24:34 - Add server paul-test
create /Users/paul/.hotel/daemon.pid 1089
24 Oct 17:24:34 - Server listening on port 127.0.0.1:2000
24 Oct 17:24:34 - /Users/paul/.hotel/servers/paul-test.json added
24 Oct 17:24:34 - Add server paul-test
24 Oct 17:24:34 - Serve proxy.pac
24 Oct 17:24:36 - Serve proxy.pac
24 Oct 17:24:36 - Serve proxy.pac
24 Oct 17:24:37 - Serve proxy.pac
24 Oct 17:24:39 - Serve proxy.pac
24 Oct 17:24:43 - Serve proxy.pac
24 Oct 17:24:44 - Serve proxy.pac
24 Oct 17:24:44 - Serve proxy.pac
24 Oct 17:24:46 - Serve proxy.pac
24 Oct 17:24:51 - Serve proxy.pac
24 Oct 17:24:52 - Serve proxy.pac
24 Oct 17:24:52 - Serve proxy.pac
24 Oct 17:24:55 - Serve proxy.pac
24 Oct 17:24:56 - Serve proxy.pac
24 Oct 17:24:59 - Serve proxy.pac
24 Oct 17:24:59 - Serve proxy.pac
24 Oct 17:25:00 - Serve proxy.pac
24 Oct 17:25:19 - Serve proxy.pac
24 Oct 17:25:23 - Serve proxy.pac
24 Oct 17:26:00 - Serve proxy.pac
24 Oct 17:26:00 - Serve proxy.pac
24 Oct 17:26:40 - Serve proxy.pac
24 Oct 17:26:50 - Serve proxy.pac
24 Oct 17:27:50 - Serve proxy.pac
24 Oct 17:29:29 - Serve proxy.pac
24 Oct 17:30:11 - Serve proxy.pac
24 Oct 17:30:15 - Serve proxy.pac
24 Oct 17:31:39 - Serve proxy.pac
24 Oct 17:37:56 - Serve proxy.pac
24 Oct 17:37:57 - Serve proxy.pac
24 Oct 17:37:57 - Serve proxy.pac
24 Oct 17:37:58 - Serve proxy.pac
24 Oct 17:37:59 - Serve proxy.pac
24 Oct 17:37:59 - Serve proxy.pac
24 Oct 17:37:59 - Serve proxy.pac
24 Oct 17:38:01 - Serve proxy.pac
24 Oct 17:38:04 - Serve proxy.pac
24 Oct 17:38:05 - Serve proxy.pac
24 Oct 17:38:05 - Serve proxy.pac
24 Oct 17:38:06 - Serve proxy.pac
24 Oct 17:38:10 - Serve proxy.pac
24 Oct 17:38:59 - Serve proxy.pac
24 Oct 17:39:58 - Serve proxy.pac
24 Oct 17:41:56 - Serve proxy.pac
24 Oct 17:42:07 - Serve proxy.pac
24 Oct 17:42:10 - Serve proxy.pac
24 Oct 17:42:24 - Serve proxy.pac
24 Oct 17:42:50 - Serve proxy.pac
24 Oct 17:42:50 - Serve proxy.pac
24 Oct 17:42:52 - Serve proxy.pac
24 Oct 18:44:48 - Serve proxy.pac
24 Oct 18:44:48 - Serve proxy.pac
24 Oct 18:44:48 - Serve proxy.pac
24 Oct 18:44:48 - Serve proxy.pac
24 Oct 18:44:50 - Serve proxy.pac
24 Oct 18:44:50 - Serve proxy.pac
24 Oct 18:44:50 - Serve proxy.pac
24 Oct 18:44:50 - Serve proxy.pac
24 Oct 18:44:53 - Serve proxy.pac
24 Oct 18:44:53 - Serve proxy.pac
24 Oct 18:44:53 - Serve proxy.pac
24 Oct 18:44:53 - Serve proxy.pac
24 Oct 18:44:53 - Serve proxy.pac
24 Oct 18:44:55 - Serve proxy.pac
24 Oct 18:44:55 - Serve proxy.pac
24 Oct 18:45:22 - Serve proxy.pac
24 Oct 19:48:10 - Serve proxy.pac
24 Oct 19:48:12 - Serve proxy.pac
24 Oct 19:48:14 - Serve proxy.pac
24 Oct 19:48:15 - Serve proxy.pac
24 Oct 19:48:17 - Serve proxy.pac
24 Oct 19:48:20 - Serve proxy.pac
24 Oct 19:48:20 - Serve proxy.pac
24 Oct 19:48:52 - Serve proxy.pac
24 Oct 20:48:57 - Serve proxy.pac
24 Oct 20:48:57 - Serve proxy.pac
24 Oct 20:48:57 - Serve proxy.pac
24 Oct 20:48:57 - Serve proxy.pac
24 Oct 20:48:59 - Serve proxy.pac
24 Oct 20:49:00 - Serve proxy.pac
24 Oct 20:49:01 - Serve proxy.pac
24 Oct 20:49:01 - Serve proxy.pac
24 Oct 20:49:22 - Serve proxy.pac
24 Oct 20:49:22 - Serve proxy.pac
24 Oct 21:49:40 - Serve proxy.pac
24 Oct 21:49:41 - Serve proxy.pac
24 Oct 21:49:42 - Serve proxy.pac
24 Oct 21:49:44 - Serve proxy.pac
24 Oct 21:49:44 - Serve proxy.pac
24 Oct 21:49:46 - Serve proxy.pac
24 Oct 21:49:46 - Serve proxy.pac
24 Oct 21:49:46 - Serve proxy.pac
24 Oct 21:50:06 - Serve proxy.pac
24 Oct 22:50:26 - Serve proxy.pac
24 Oct 22:50:27 - Serve proxy.pac
24 Oct 22:50:30 - Serve proxy.pac
24 Oct 22:50:31 - Serve proxy.pac
24 Oct 22:50:32 - Serve proxy.pac
24 Oct 22:50:36 - Serve proxy.pac
24 Oct 22:50:36 - Serve proxy.pac
24 Oct 22:50:36 - Serve proxy.pac
24 Oct 23:51:14 - Serve proxy.pac
24 Oct 23:51:14 - Serve proxy.pac
24 Oct 23:51:14 - Serve proxy.pac
24 Oct 23:51:14 - Serve proxy.pac
24 Oct 23:51:15 - Serve proxy.pac
24 Oct 23:51:17 - Serve proxy.pac
24 Oct 23:51:20 - Serve proxy.pac
24 Oct 23:51:20 - Serve proxy.pac
24 Oct 23:51:20 - Serve proxy.pac
25 Oct 00:51:57 - Serve proxy.pac
25 Oct 00:51:57 - Serve proxy.pac
25 Oct 00:51:57 - Serve proxy.pac
25 Oct 00:51:58 - Serve proxy.pac
25 Oct 00:52:01 - Serve proxy.pac
25 Oct 00:52:03 - Serve proxy.pac
25 Oct 00:52:03 - Serve proxy.pac
25 Oct 00:52:03 - Serve proxy.pac
25 Oct 01:52:55 - Serve proxy.pac
25 Oct 01:52:57 - Serve proxy.pac
25 Oct 01:52:57 - Serve proxy.pac
25 Oct 01:52:57 - Serve proxy.pac
25 Oct 01:53:00 - Serve proxy.pac
25 Oct 01:53:01 - Serve proxy.pac
25 Oct 01:53:01 - Serve proxy.pac
25 Oct 01:53:05 - Serve proxy.pac
25 Oct 01:53:05 - Serve proxy.pac
25 Oct 02:53:40 - Serve proxy.pac
25 Oct 02:53:40 - Serve proxy.pac
25 Oct 02:53:42 - Serve proxy.pac
25 Oct 02:53:42 - Serve proxy.pac
25 Oct 02:53:42 - Serve proxy.pac
25 Oct 02:53:43 - Serve proxy.pac
25 Oct 02:53:44 - Serve proxy.pac
25 Oct 02:53:46 - Serve proxy.pac
25 Oct 02:53:49 - Serve proxy.pac
25 Oct 02:53:49 - Serve proxy.pac
25 Oct 03:54:29 - Serve proxy.pac
25 Oct 03:54:29 - Serve proxy.pac
25 Oct 03:54:29 - Serve proxy.pac
25 Oct 03:54:29 - Serve proxy.pac
25 Oct 03:54:29 - Serve proxy.pac
25 Oct 03:54:31 - Serve proxy.pac
25 Oct 03:54:33 - Serve proxy.pac
25 Oct 03:54:34 - Serve proxy.pac
25 Oct 03:54:34 - Serve proxy.pac
25 Oct 03:54:38 - Serve proxy.pac
25 Oct 03:54:38 - Serve proxy.pac
25 Oct 03:54:41 - Serve proxy.pac
25 Oct 03:55:05 - Serve proxy.pac
25 Oct 03:55:08 - Serve proxy.pac
25 Oct 03:55:08 - Serve proxy.pac
25 Oct 03:55:18 - Serve proxy.pac
25 Oct 03:55:18 - Serve proxy.pac
25 Oct 04:55:12 - Serve proxy.pac
25 Oct 04:55:13 - Serve proxy.pac
25 Oct 04:55:13 - Serve proxy.pac
25 Oct 04:55:14 - Serve proxy.pac
25 Oct 04:55:14 - Serve proxy.pac
25 Oct 04:55:14 - Serve proxy.pac
25 Oct 04:55:15 - Serve proxy.pac
25 Oct 04:55:16 - Serve proxy.pac
25 Oct 04:55:16 - Serve proxy.pac
25 Oct 04:55:21 - Serve proxy.pac
25 Oct 04:55:21 - Serve proxy.pac
25 Oct 04:55:21 - Serve proxy.pac
25 Oct 05:55:57 - Serve proxy.pac
25 Oct 05:55:57 - Serve proxy.pac
25 Oct 05:55:57 - Serve proxy.pac
25 Oct 05:55:57 - Serve proxy.pac
25 Oct 05:55:59 - Serve proxy.pac
25 Oct 05:55:59 - Serve proxy.pac
25 Oct 05:56:02 - Serve proxy.pac
25 Oct 05:56:06 - Serve proxy.pac
25 Oct 05:56:06 - Serve proxy.pac
25 Oct 06:56:44 - Serve proxy.pac
25 Oct 06:56:44 - Serve proxy.pac
25 Oct 06:56:44 - Serve proxy.pac
25 Oct 06:56:48 - Serve proxy.pac
25 Oct 06:56:48 - Serve proxy.pac
25 Oct 06:56:48 - Serve proxy.pac
25 Oct 06:57:09 - Serve proxy.pac
25 Oct 07:56:34 - Serve proxy.pac
25 Oct 07:56:34 - Serve proxy.pac
25 Oct 07:56:34 - Serve proxy.pac
25 Oct 07:56:35 - Serve proxy.pac
25 Oct 07:56:35 - Serve proxy.pac
25 Oct 07:56:35 - Serve proxy.pac
25 Oct 07:56:36 - Serve proxy.pac
25 Oct 07:56:36 - Serve proxy.pac
25 Oct 07:56:36 - Serve proxy.pac
25 Oct 07:56:36 - Serve proxy.pac
25 Oct 07:56:37 - Serve proxy.pac
25 Oct 07:56:38 - Serve proxy.pac
25 Oct 07:56:38 - Serve proxy.pac
25 Oct 07:56:38 - Serve proxy.pac
25 Oct 07:56:38 - Serve proxy.pac
25 Oct 07:56:39 - Serve proxy.pac
25 Oct 07:56:39 - Serve proxy.pac
25 Oct 07:56:39 - Serve proxy.pac
25 Oct 07:56:39 - Serve proxy.pac
25 Oct 07:56:46 - Serve proxy.pac
25 Oct 07:56:46 - Serve proxy.pac
25 Oct 07:56:47 - Serve proxy.pac
25 Oct 07:56:54 - Serve proxy.pac
25 Oct 07:57:23 - Serve proxy.pac
25 Oct 08:00:42 - Serve proxy.pac
25 Oct 08:00:51 - Serve proxy.pac
25 Oct 08:13:12 - Serve proxy.pac
25 Oct 09:14:09 - Serve proxy.pac
25 Oct 09:14:09 - Serve proxy.pac
25 Oct 09:14:10 - Serve proxy.pac
25 Oct 09:14:13 - Serve proxy.pac
25 Oct 09:14:13 - Serve proxy.pac
25 Oct 09:14:13 - Serve proxy.pac
25 Oct 09:14:13 - Serve proxy.pac
25 Oct 09:14:15 - Serve proxy.pac
25 Oct 09:14:15 - Serve proxy.pac
25 Oct 09:14:34 - Serve proxy.pac
25 Oct 09:20:23 - Serve proxy.pac
25 Oct 09:20:26 - Serve proxy.pac
25 Oct 10:23:40 - Serve proxy.pac
25 Oct 10:23:40 - Serve proxy.pac
25 Oct 10:23:41 - Serve proxy.pac
25 Oct 10:23:43 - Serve proxy.pac
25 Oct 10:23:43 - Serve proxy.pac
25 Oct 10:23:46 - Serve proxy.pac
25 Oct 10:23:46 - Serve proxy.pac
25 Oct 10:23:47 - Serve proxy.pac
25 Oct 10:23:47 - Serve proxy.pac
25 Oct 10:23:51 - Serve proxy.pac
25 Oct 10:24:21 - Serve proxy.pac
25 Oct 10:26:08 - Serve proxy.pac
25 Oct 10:28:58 - Serve proxy.pac
25 Oct 10:34:32 - Serve proxy.pac
25 Oct 10:34:32 - Serve proxy.pac
25 Oct 10:34:33 - Serve proxy.pac
25 Oct 10:58:09 - Serve proxy.pac
25 Oct 10:58:39 - Serve proxy.pac
25 Oct 11:18:13 - Serve proxy.pac
25 Oct 11:18:13 - Serve proxy.pac
25 Oct 11:18:13 - Serve proxy.pac
25 Oct 11:18:31 - Serve proxy.pac
25 Oct 11:20:38 - Serve proxy.pac
25 Oct 11:38:54 - Serve proxy.pac
25 Oct 11:39:12 - Serve proxy.pac
25 Oct 11:40:05 - Serve proxy.pac
25 Oct 11:44:37 - Serve proxy.pac
25 Oct 11:51:29 - Serve proxy.pac
25 Oct 11:51:31 - Serve proxy.pac
25 Oct 11:51:31 - Serve proxy.pac
25 Oct 11:51:32 - Serve proxy.pac
25 Oct 11:51:33 - Serve proxy.pac
25 Oct 11:51:39 - Serve proxy.pac
25 Oct 11:51:39 - Serve proxy.pac
25 Oct 11:51:39 - Serve proxy.pac
25 Oct 11:51:39 - Serve proxy.pac
25 Oct 11:52:31 - Serve proxy.pac
25 Oct 11:55:15 - Serve proxy.pac
25 Oct 11:55:15 - Serve proxy.pac
25 Oct 11:55:15 - Serve proxy.pac
25 Oct 11:55:18 - Serve proxy.pac
25 Oct 11:55:18 - Serve proxy.pac
25 Oct 11:55:18 - Serve proxy.pac
25 Oct 11:55:18 - Serve proxy.pac
25 Oct 11:55:18 - Serve proxy.pac
25 Oct 11:59:18 - Serve proxy.pac
25 Oct 12:01:11 - Serve proxy.pac
25 Oct 12:02:10 - Serve proxy.pac
25 Oct 12:02:13 - Serve proxy.pac
25 Oct 12:02:15 - Serve proxy.pac
25 Oct 12:05:26 - Serve proxy.pac
25 Oct 12:10:47 - Serve proxy.pac
25 Oct 12:14:35 - Serve proxy.pac
25 Oct 12:19:10 - Serve proxy.pac
25 Oct 12:22:44 - Serve proxy.pac
25 Oct 12:23:12 - Serve proxy.pac
25 Oct 12:23:12 - Serve proxy.pac
25 Oct 12:23:12 - Serve proxy.pac
25 Oct 12:23:12 - Serve proxy.pac
25 Oct 12:23:45 - Serve proxy.pac
25 Oct 12:23:49 - Serve proxy.pac
25 Oct 12:23:59 - Serve proxy.pac
25 Oct 12:27:57 - Serve proxy.pac
25 Oct 12:28:53 - Serve proxy.pac
25 Oct 12:56:19 - Serve proxy.pac
25 Oct 12:56:21 - Serve proxy.pac
25 Oct 12:56:44 - Serve proxy.pac
25 Oct 12:58:44 - Serve proxy.pac
25 Oct 12:58:53 - Serve proxy.pac
25 Oct 13:08:10 - Serve proxy.pac
25 Oct 13:08:56 - Serve proxy.pac
25 Oct 13:09:19 - Serve proxy.pac
25 Oct 13:15:39 - Serve proxy.pac
25 Oct 13:18:27 - Serve proxy.pac
25 Oct 13:18:50 - Serve proxy.pac
25 Oct 13:19:24 - Serve proxy.pac
25 Oct 13:28:48 - Serve proxy.pac
25 Oct 13:28:48 - Serve proxy.pac
25 Oct 13:41:28 - Serve proxy.pac
25 Oct 13:41:28 - Serve proxy.pac
25 Oct 13:41:30 - Serve proxy.pac
25 Oct 13:41:30 - Serve proxy.pac
25 Oct 13:41:30 - Serve proxy.pac
25 Oct 13:41:30 - Serve proxy.pac
25 Oct 13:41:31 - Serve proxy.pac
25 Oct 13:41:33 - Serve proxy.pac
25 Oct 13:41:33 - Serve proxy.pac
25 Oct 13:41:33 - Serve proxy.pac
25 Oct 13:41:35 - Serve proxy.pac
25 Oct 13:41:42 - Serve proxy.pac
25 Oct 13:41:47 - Serve proxy.pac
25 Oct 13:42:37 - Serve proxy.pac
25 Oct 13:43:24 - Serve proxy.pac
25 Oct 13:49:45 - Serve proxy.pac
25 Oct 13:52:40 - Serve proxy.pac
25 Oct 13:52:41 - Serve proxy.pac
25 Oct 13:52:41 - Serve proxy.pac
25 Oct 13:57:56 - Serve proxy.pac
25 Oct 13:58:44 - Serve proxy.pac
25 Oct 14:08:23 - Serve proxy.pac
25 Oct 15:10:58 - Serve proxy.pac
25 Oct 15:10:58 - Serve proxy.pac
25 Oct 15:10:58 - Serve proxy.pac
25 Oct 15:11:00 - Serve proxy.pac
25 Oct 15:11:00 - Serve proxy.pac
25 Oct 15:11:00 - Serve proxy.pac
25 Oct 15:11:03 - Serve proxy.pac
25 Oct 15:11:03 - Serve proxy.pac
25 Oct 15:11:03 - Serve proxy.pac
25 Oct 15:11:14 - Serve proxy.pac
25 Oct 15:34:07 - Serve proxy.pac
25 Oct 15:34:08 - Serve proxy.pac
25 Oct 15:34:10 - Serve proxy.pac
25 Oct 15:34:10 - Serve proxy.pac
25 Oct 15:34:10 - Serve proxy.pac
25 Oct 15:34:11 - Serve proxy.pac
25 Oct 15:34:11 - Serve proxy.pac
25 Oct 15:34:11 - Serve proxy.pac
25 Oct 15:34:12 - Serve proxy.pac
25 Oct 15:34:12 - Serve proxy.pac
25 Oct 15:34:12 - Serve proxy.pac
25 Oct 15:34:14 - Serve proxy.pac
25 Oct 15:34:14 - Serve proxy.pac
25 Oct 15:34:14 - Serve proxy.pac
25 Oct 15:34:15 - Serve proxy.pac
25 Oct 15:34:21 - Serve proxy.pac
25 Oct 15:34:52 - Serve proxy.pac
25 Oct 16:54:29 - Serve proxy.pac
25 Oct 16:54:29 - Serve proxy.pac
25 Oct 16:54:31 - Serve proxy.pac
25 Oct 16:54:34 - Serve proxy.pac
25 Oct 16:54:34 - Serve proxy.pac
25 Oct 16:54:34 - Serve proxy.pac
25 Oct 16:55:16 - Serve proxy.pac
25 Oct 17:55:14 - Serve proxy.pac
25 Oct 17:55:14 - Serve proxy.pac
25 Oct 17:55:14 - Serve proxy.pac
25 Oct 17:55:14 - Serve proxy.pac
25 Oct 17:55:16 - Serve proxy.pac
25 Oct 17:55:16 - Serve proxy.pac
25 Oct 17:55:16 - Serve proxy.pac
25 Oct 17:55:16 - Serve proxy.pac
25 Oct 17:55:19 - Serve proxy.pac
25 Oct 17:55:19 - Serve proxy.pac
25 Oct 17:55:19 - Serve proxy.pac
25 Oct 17:55:20 - Serve proxy.pac
25 Oct 17:55:42 - Serve proxy.pac
25 Oct 18:55:59 - Serve proxy.pac
25 Oct 18:55:59 - Serve proxy.pac
25 Oct 18:55:59 - Serve proxy.pac
25 Oct 18:56:00 - Serve proxy.pac
25 Oct 18:56:01 - Serve proxy.pac
25 Oct 18:56:01 - Serve proxy.pac
25 Oct 18:56:01 - Serve proxy.pac
25 Oct 18:56:01 - Serve proxy.pac
25 Oct 18:56:03 - Serve proxy.pac
25 Oct 18:56:03 - Serve proxy.pac
25 Oct 18:56:03 - Serve proxy.pac
25 Oct 19:58:12 - Serve proxy.pac
25 Oct 19:58:13 - Serve proxy.pac
25 Oct 19:58:14 - Serve proxy.pac
25 Oct 19:58:14 - Serve proxy.pac
25 Oct 19:58:14 - Serve proxy.pac
25 Oct 19:58:15 - Serve proxy.pac
25 Oct 19:58:39 - Serve proxy.pac
25 Oct 20:58:56 - Serve proxy.pac
25 Oct 20:58:56 - Serve proxy.pac
25 Oct 20:58:56 - Serve proxy.pac
25 Oct 20:58:57 - Serve proxy.pac
25 Oct 20:58:57 - Serve proxy.pac
25 Oct 20:58:57 - Serve proxy.pac
25 Oct 20:59:02 - Serve proxy.pac
25 Oct 20:59:02 - Serve proxy.pac
25 Oct 20:59:02 - Serve proxy.pac
25 Oct 20:59:02 - Serve proxy.pac
25 Oct 20:59:37 - Serve proxy.pac
25 Oct 21:59:42 - Serve proxy.pac
25 Oct 21:59:42 - Serve proxy.pac
25 Oct 21:59:44 - Serve proxy.pac
25 Oct 21:59:44 - Serve proxy.pac
25 Oct 21:59:44 - Serve proxy.pac
25 Oct 21:59:45 - Serve proxy.pac
25 Oct 21:59:47 - Serve proxy.pac
25 Oct 21:59:47 - Serve proxy.pac
25 Oct 21:59:47 - Serve proxy.pac
25 Oct 22:00:28 - Serve proxy.pac
25 Oct 23:00:25 - Serve proxy.pac
25 Oct 23:00:25 - Serve proxy.pac
25 Oct 23:00:28 - Serve proxy.pac
25 Oct 23:00:30 - Serve proxy.pac
25 Oct 23:00:30 - Serve proxy.pac
25 Oct 23:00:30 - Serve proxy.pac
26 Oct 00:01:12 - Serve proxy.pac
26 Oct 00:01:12 - Serve proxy.pac
26 Oct 00:01:12 - Serve proxy.pac
26 Oct 00:01:12 - Serve proxy.pac
26 Oct 00:01:12 - Serve proxy.pac
26 Oct 00:01:15 - Serve proxy.pac
26 Oct 00:01:15 - Serve proxy.pac
26 Oct 00:01:15 - Serve proxy.pac
26 Oct 01:01:57 - Serve proxy.pac
26 Oct 01:01:57 - Serve proxy.pac
26 Oct 01:01:59 - Serve proxy.pac
26 Oct 01:01:59 - Serve proxy.pac
26 Oct 01:01:59 - Serve proxy.pac
26 Oct 01:01:59 - Serve proxy.pac
26 Oct 01:02:02 - Serve proxy.pac
26 Oct 01:02:02 - Serve proxy.pac
26 Oct 01:02:02 - Serve proxy.pac
26 Oct 01:02:04 - Serve proxy.pac
26 Oct 02:03:00 - Serve proxy.pac
26 Oct 02:03:00 - Serve proxy.pac
26 Oct 02:03:02 - Serve proxy.pac
26 Oct 02:03:06 - Serve proxy.pac
26 Oct 02:03:06 - Serve proxy.pac
26 Oct 02:03:06 - Serve proxy.pac
26 Oct 02:03:09 - Serve proxy.pac
26 Oct 02:03:20 - Serve proxy.pac
26 Oct 02:03:23 - Serve proxy.pac
26 Oct 03:03:45 - Serve proxy.pac
26 Oct 03:03:45 - Serve proxy.pac
26 Oct 03:03:45 - Serve proxy.pac
26 Oct 03:03:48 - Serve proxy.pac
26 Oct 03:03:48 - Serve proxy.pac
26 Oct 03:03:48 - Serve proxy.pac
26 Oct 04:04:30 - Serve proxy.pac
26 Oct 04:04:30 - Serve proxy.pac
26 Oct 04:04:34 - Serve proxy.pac
26 Oct 04:04:35 - Serve proxy.pac
26 Oct 04:04:35 - Serve proxy.pac
26 Oct 04:04:35 - Serve proxy.pac
26 Oct 04:04:40 - Serve proxy.pac
26 Oct 05:05:13 - Serve proxy.pac
26 Oct 05:05:14 - Serve proxy.pac
26 Oct 05:05:14 - Serve proxy.pac
26 Oct 05:05:17 - Serve proxy.pac
26 Oct 05:05:17 - Serve proxy.pac
26 Oct 05:05:17 - Serve proxy.pac
26 Oct 06:06:02 - Serve proxy.pac
26 Oct 06:06:03 - Serve proxy.pac
26 Oct 06:06:03 - Serve proxy.pac
26 Oct 06:06:04 - Serve proxy.pac
26 Oct 06:06:04 - Serve proxy.pac
26 Oct 06:06:05 - Serve proxy.pac
26 Oct 06:06:07 - Serve proxy.pac
26 Oct 06:06:07 - Serve proxy.pac
26 Oct 06:06:07 - Serve proxy.pac
26 Oct 06:06:25 - Serve proxy.pac
26 Oct 07:06:45 - Serve proxy.pac
26 Oct 07:06:45 - Serve proxy.pac
26 Oct 07:06:45 - Serve proxy.pac
26 Oct 07:06:48 - Serve proxy.pac
26 Oct 07:06:48 - Serve proxy.pac
26 Oct 07:06:48 - Serve proxy.pac
26 Oct 07:06:50 - Serve proxy.pac
26 Oct 07:06:50 - Serve proxy.pac
26 Oct 07:06:50 - Serve proxy.pac
26 Oct 07:07:16 - Serve proxy.pac
26 Oct 08:07:48 - Serve proxy.pac
26 Oct 08:07:48 - Serve proxy.pac
26 Oct 08:07:50 - Serve proxy.pac
26 Oct 08:07:50 - Serve proxy.pac
26 Oct 08:07:50 - Serve proxy.pac
26 Oct 08:07:51 - Serve proxy.pac
26 Oct 08:07:52 - Serve proxy.pac
26 Oct 08:07:52 - Serve proxy.pac
26 Oct 08:07:52 - Serve proxy.pac
26 Oct 08:07:56 - Serve proxy.pac
26 Oct 08:07:57 - Serve proxy.pac
26 Oct 08:08:09 - Serve proxy.pac
26 Oct 09:08:33 - Serve proxy.pac
26 Oct 09:08:36 - Serve proxy.pac
26 Oct 09:08:36 - Serve proxy.pac
26 Oct 09:08:36 - Serve proxy.pac
26 Oct 09:08:37 - Serve proxy.pac
26 Oct 09:08:38 - Serve proxy.pac
26 Oct 09:08:38 - Serve proxy.pac
26 Oct 09:08:38 - Serve proxy.pac
26 Oct 09:09:01 - Serve proxy.pac
26 Oct 10:09:18 - Serve proxy.pac
26 Oct 10:09:18 - Serve proxy.pac
26 Oct 10:09:18 - Serve proxy.pac
26 Oct 10:09:20 - Serve proxy.pac
26 Oct 10:09:20 - Serve proxy.pac
26 Oct 10:09:20 - Serve proxy.pac
26 Oct 10:09:22 - Serve proxy.pac
26 Oct 10:09:23 - Serve proxy.pac
26 Oct 10:09:23 - Serve proxy.pac
26 Oct 10:09:23 - Serve proxy.pac
26 Oct 10:20:31 - Serve proxy.pac
26 Oct 10:20:33 - Serve proxy.pac
26 Oct 10:20:33 - Serve proxy.pac
26 Oct 10:20:33 - Serve proxy.pac
26 Oct 10:20:33 - Serve proxy.pac
26 Oct 10:20:33 - Serve proxy.pac
26 Oct 10:20:35 - Serve proxy.pac
26 Oct 10:20:35 - Serve proxy.pac
26 Oct 10:20:35 - Serve proxy.pac
26 Oct 10:21:46 - Serve proxy.pac
26 Oct 10:21:47 - Serve proxy.pac
26 Oct 10:21:47 - Serve proxy.pac
26 Oct 10:21:47 - Serve proxy.pac
26 Oct 10:21:47 - Serve proxy.pac
26 Oct 10:21:49 - Serve proxy.pac
26 Oct 10:21:49 - Serve proxy.pac
26 Oct 10:21:49 - Serve proxy.pac
26 Oct 11:16:25 - Serve proxy.pac
26 Oct 11:16:28 - Serve proxy.pac
26 Oct 11:16:28 - Serve proxy.pac
26 Oct 11:16:31 - Serve proxy.pac
26 Oct 11:16:31 - Serve proxy.pac
26 Oct 11:16:31 - Serve proxy.pac
26 Oct 11:16:31 - Serve proxy.pac
26 Oct 11:16:32 - Serve proxy.pac
26 Oct 11:16:40 - Serve proxy.pac
26 Oct 11:38:14 - Serve proxy.pac
26 Oct 11:38:44 - Serve proxy.pac
26 Oct 11:39:14 - Serve proxy.pac
26 Oct 11:55:06 - Serve proxy.pac
26 Oct 11:55:06 - Serve proxy.pac
26 Oct 11:56:02 - Serve proxy.pac
26 Oct 11:56:51 - Serve proxy.pac
26 Oct 11:57:08 - Serve proxy.pac
26 Oct 13:07:54 - Serve proxy.pac
26 Oct 13:07:58 - Serve proxy.pac
26 Oct 13:07:58 - Serve proxy.pac
26 Oct 13:07:58 - Serve proxy.pac
26 Oct 13:07:58 - Serve proxy.pac
26 Oct 13:07:58 - Serve proxy.pac
26 Oct 13:08:25 - Serve proxy.pac
26 Oct 13:45:55 - Serve proxy.pac
26 Oct 13:45:55 - Serve proxy.pac
26 Oct 13:45:56 - Serve proxy.pac
26 Oct 13:45:57 - Serve proxy.pac
26 Oct 13:45:57 - Serve proxy.pac
26 Oct 13:46:00 - Serve proxy.pac
26 Oct 13:46:00 - Serve proxy.pac
26 Oct 13:46:00 - Serve proxy.pac
26 Oct 13:46:02 - Serve proxy.pac
26 Oct 13:46:02 - Serve proxy.pac
26 Oct 13:46:04 - Serve proxy.pac
26 Oct 13:46:04 - Serve proxy.pac
26 Oct 13:46:06 - Serve proxy.pac
26 Oct 13:48:01 - Serve proxy.pac
26 Oct 13:48:14 - Serve proxy.pac
26 Oct 13:48:16 - Serve proxy.pac
26 Oct 13:48:37 - Serve proxy.pac
26 Oct 13:53:07 - Serve proxy.pac
26 Oct 13:53:29 - Serve proxy.pac
26 Oct 14:01:37 - Serve proxy.pac
26 Oct 14:03:36 - Serve proxy.pac
26 Oct 14:03:36 - Serve proxy.pac
26 Oct 15:04:22 - Serve proxy.pac
26 Oct 15:04:22 - Serve proxy.pac
26 Oct 15:04:24 - Serve proxy.pac
26 Oct 15:04:24 - Serve proxy.pac
26 Oct 15:04:24 - Serve proxy.pac
26 Oct 15:04:26 - Serve proxy.pac
26 Oct 15:04:28 - Serve proxy.pac
26 Oct 15:04:28 - Serve proxy.pac
26 Oct 15:04:28 - Serve proxy.pac
26 Oct 15:05:01 - Serve proxy.pac
26 Oct 15:05:07 - Serve proxy.pac
26 Oct 15:54:06 - Serve proxy.pac
26 Oct 15:54:06 - Serve proxy.pac
26 Oct 15:54:09 - Serve proxy.pac
26 Oct 15:54:10 - Serve proxy.pac
26 Oct 15:54:10 - Serve proxy.pac
26 Oct 15:54:10 - Serve proxy.pac
26 Oct 15:54:10 - Serve proxy.pac
26 Oct 15:54:15 - Serve proxy.pac
26 Oct 15:54:48 - Serve proxy.pac
26 Oct 16:05:50 - Serve proxy.pac
26 Oct 16:11:02 - Serve proxy.pac
26 Oct 16:11:04 - Serve proxy.pac
26 Oct 16:11:13 - Serve proxy.pac
26 Oct 16:20:43 - Serve proxy.pac
26 Oct 16:21:07 - Serve proxy.pac
26 Oct 16:21:36 - Serve proxy.pac
26 Oct 16:28:45 - Serve proxy.pac
26 Oct 16:31:19 - Serve proxy.pac
26 Oct 16:31:20 - Serve proxy.pac
26 Oct 16:31:43 - Serve proxy.pac
26 Oct 16:32:58 - Serve proxy.pac
26 Oct 16:33:12 - Serve proxy.pac
26 Oct 16:40:14 - Serve proxy.pac
26 Oct 16:40:35 - Serve proxy.pac
26 Oct 16:44:15 - Serve proxy.pac
26 Oct 16:44:35 - Serve proxy.pac
26 Oct 16:48:07 - Serve proxy.pac
26 Oct 16:48:08 - Serve proxy.pac
26 Oct 17:48:17 - Serve proxy.pac
26 Oct 17:48:17 - Serve proxy.pac
26 Oct 17:48:19 - Serve proxy.pac
26 Oct 17:48:19 - Serve proxy.pac
26 Oct 17:48:19 - Serve proxy.pac
26 Oct 17:48:20 - Serve proxy.pac
26 Oct 17:48:22 - Serve proxy.pac
26 Oct 17:48:22 - Serve proxy.pac
26 Oct 17:48:22 - Serve proxy.pac
26 Oct 17:48:35 - Serve proxy.pac
26 Oct 17:48:35 - Serve proxy.pac
26 Oct 17:48:46 - Serve proxy.pac
26 Oct 18:39:06 - Serve proxy.pac
26 Oct 18:39:06 - Serve proxy.pac
26 Oct 18:39:06 - Serve proxy.pac
26 Oct 18:39:06 - Serve proxy.pac
26 Oct 18:39:07 - Serve proxy.pac
26 Oct 18:39:07 - Serve proxy.pac
26 Oct 18:39:08 - Serve proxy.pac
26 Oct 18:39:08 - Serve proxy.pac
26 Oct 18:39:09 - Serve proxy.pac
26 Oct 18:39:09 - Serve proxy.pac
26 Oct 18:39:09 - Serve proxy.pac
26 Oct 18:39:09 - Serve proxy.pac
26 Oct 18:39:11 - Serve proxy.pac
26 Oct 18:39:11 - Serve proxy.pac
26 Oct 18:39:11 - Serve proxy.pac
26 Oct 19:40:09 - Serve proxy.pac
26 Oct 19:40:09 - Serve proxy.pac
26 Oct 19:40:09 - Serve proxy.pac
26 Oct 19:40:09 - Serve proxy.pac
26 Oct 19:40:09 - Serve proxy.pac
26 Oct 19:40:10 - Serve proxy.pac
26 Oct 19:40:11 - Serve proxy.pac
26 Oct 19:40:11 - Serve proxy.pac
26 Oct 19:40:11 - Serve proxy.pac
26 Oct 20:40:53 - Serve proxy.pac
26 Oct 20:40:53 - Serve proxy.pac
26 Oct 20:40:53 - Serve proxy.pac
26 Oct 20:40:54 - Serve proxy.pac
26 Oct 20:40:54 - Serve proxy.pac
26 Oct 20:40:55 - Serve proxy.pac
26 Oct 20:40:55 - Serve proxy.pac
26 Oct 20:40:55 - Serve proxy.pac
26 Oct 20:40:56 - Serve proxy.pac
26 Oct 20:40:57 - Serve proxy.pac
26 Oct 20:40:57 - Serve proxy.pac
26 Oct 20:40:57 - Serve proxy.pac
26 Oct 20:40:57 - Serve proxy.pac
26 Oct 20:41:28 - Serve proxy.pac
26 Oct 21:41:37 - Serve proxy.pac
26 Oct 21:41:40 - Serve proxy.pac
26 Oct 21:41:40 - Serve proxy.pac
26 Oct 21:41:40 - Serve proxy.pac
26 Oct 21:41:40 - Serve proxy.pac
26 Oct 21:41:40 - Serve proxy.pac
26 Oct 21:41:40 - Serve proxy.pac
26 Oct 21:41:40 - Serve proxy.pac
26 Oct 21:41:40 - Serve proxy.pac
26 Oct 21:41:42 - Serve proxy.pac
26 Oct 21:41:42 - Serve proxy.pac
26 Oct 21:41:42 - Serve proxy.pac
26 Oct 21:41:43 - Serve proxy.pac
26 Oct 21:41:45 - Serve proxy.pac
26 Oct 21:41:49 - Serve proxy.pac
26 Oct 22:42:26 - Serve proxy.pac
26 Oct 22:42:26 - Serve proxy.pac
26 Oct 22:42:26 - Serve proxy.pac
26 Oct 22:42:26 - Serve proxy.pac
26 Oct 22:42:26 - Serve proxy.pac
26 Oct 22:42:26 - Serve proxy.pac
26 Oct 22:42:26 - Serve proxy.pac
26 Oct 22:42:27 - Serve proxy.pac
26 Oct 22:42:27 - Serve proxy.pac
26 Oct 22:42:28 - Serve proxy.pac
26 Oct 22:42:28 - Serve proxy.pac
26 Oct 22:42:28 - Serve proxy.pac
26 Oct 22:42:29 - Serve proxy.pac
26 Oct 22:42:31 - Serve proxy.pac
26 Oct 22:42:31 - Serve proxy.pac
26 Oct 22:42:31 - Serve proxy.pac
26 Oct 22:43:12 - Serve proxy.pac
26 Oct 23:43:09 - Serve proxy.pac
26 Oct 23:43:09 - Serve proxy.pac
26 Oct 23:43:09 - Serve proxy.pac
26 Oct 23:43:10 - Serve proxy.pac
26 Oct 23:43:10 - Serve proxy.pac
26 Oct 23:43:10 - Serve proxy.pac
26 Oct 23:43:11 - Serve proxy.pac
26 Oct 23:43:11 - Serve proxy.pac
26 Oct 23:43:12 - Serve proxy.pac
26 Oct 23:43:12 - Serve proxy.pac
26 Oct 23:43:14 - Serve proxy.pac
26 Oct 23:43:14 - Serve proxy.pac
26 Oct 23:43:14 - Serve proxy.pac
27 Oct 00:43:55 - Serve proxy.pac
27 Oct 00:43:55 - Serve proxy.pac
27 Oct 00:43:55 - Serve proxy.pac
27 Oct 00:43:55 - Serve proxy.pac
27 Oct 00:43:55 - Serve proxy.pac
27 Oct 00:43:56 - Serve proxy.pac
27 Oct 00:43:56 - Serve proxy.pac
27 Oct 00:43:57 - Serve proxy.pac
27 Oct 00:43:59 - Serve proxy.pac
27 Oct 00:43:59 - Serve proxy.pac
27 Oct 00:43:59 - Serve proxy.pac
27 Oct 00:43:59 - Serve proxy.pac
27 Oct 00:44:00 - Serve proxy.pac
27 Oct 01:46:13 - Serve proxy.pac
27 Oct 01:46:13 - Serve proxy.pac
27 Oct 01:46:13 - Serve proxy.pac
27 Oct 01:46:13 - Serve proxy.pac
27 Oct 01:46:14 - Serve proxy.pac
27 Oct 01:46:14 - Serve proxy.pac
27 Oct 01:46:15 - Serve proxy.pac
27 Oct 01:46:15 - Serve proxy.pac
27 Oct 01:46:15 - Serve proxy.pac
27 Oct 01:46:16 - Serve proxy.pac
27 Oct 01:46:18 - Serve proxy.pac
27 Oct 01:46:18 - Serve proxy.pac
27 Oct 01:46:18 - Serve proxy.pac
27 Oct 01:46:18 - Serve proxy.pac
27 Oct 01:46:52 - Serve proxy.pac
27 Oct 02:46:56 - Serve proxy.pac
27 Oct 02:46:56 - Serve proxy.pac
27 Oct 02:46:56 - Serve proxy.pac
27 Oct 02:46:56 - Serve proxy.pac
27 Oct 02:46:56 - Serve proxy.pac
27 Oct 02:46:57 - Serve proxy.pac
27 Oct 02:46:57 - Serve proxy.pac
27 Oct 02:46:57 - Serve proxy.pac
27 Oct 02:46:58 - Serve proxy.pac
27 Oct 02:46:58 - Serve proxy.pac
27 Oct 02:47:00 - Serve proxy.pac
27 Oct 02:47:00 - Serve proxy.pac
27 Oct 02:47:00 - Serve proxy.pac
27 Oct 02:47:02 - Serve proxy.pac
27 Oct 02:47:02 - Serve proxy.pac
27 Oct 02:47:02 - Serve proxy.pac
27 Oct 02:47:04 - Serve proxy.pac
27 Oct 02:47:45 - Serve proxy.pac
27 Oct 03:47:43 - Serve proxy.pac
27 Oct 03:47:43 - Serve proxy.pac
27 Oct 03:47:44 - Serve proxy.pac
27 Oct 03:47:45 - Serve proxy.pac
27 Oct 03:47:45 - Serve proxy.pac
27 Oct 03:47:45 - Serve proxy.pac
27 Oct 03:47:46 - Serve proxy.pac
27 Oct 03:47:46 - Serve proxy.pac
27 Oct 03:47:47 - Serve proxy.pac
27 Oct 03:48:06 - Serve proxy.pac
27 Oct 04:48:25 - Serve proxy.pac
27 Oct 04:48:26 - Serve proxy.pac
27 Oct 04:48:26 - Serve proxy.pac
27 Oct 04:48:26 - Serve proxy.pac
27 Oct 04:48:27 - Serve proxy.pac
27 Oct 04:48:27 - Serve proxy.pac
27 Oct 04:48:27 - Serve proxy.pac
27 Oct 04:48:27 - Serve proxy.pac
27 Oct 04:48:29 - Serve proxy.pac
27 Oct 04:48:29 - Serve proxy.pac
27 Oct 04:48:31 - Serve proxy.pac
27 Oct 04:48:31 - Serve proxy.pac
27 Oct 04:48:31 - Serve proxy.pac
27 Oct 05:17:49 - Serve proxy.pac
27 Oct 05:17:49 - Serve proxy.pac
27 Oct 05:17:49 - Serve proxy.pac
27 Oct 05:17:49 - Serve proxy.pac
27 Oct 05:17:50 - Serve proxy.pac
27 Oct 05:17:50 - Serve proxy.pac
27 Oct 05:17:50 - Serve proxy.pac
27 Oct 05:17:51 - Serve proxy.pac
27 Oct 05:17:51 - Serve proxy.pac
27 Oct 05:17:51 - Serve proxy.pac
27 Oct 05:17:51 - Serve proxy.pac
27 Oct 05:17:52 - Serve proxy.pac
27 Oct 05:17:52 - Serve proxy.pac
27 Oct 05:17:52 - Serve proxy.pac
27 Oct 05:17:52 - Serve proxy.pac
27 Oct 05:17:53 - Serve proxy.pac
27 Oct 05:17:54 - Serve proxy.pac
27 Oct 05:17:54 - Serve proxy.pac
27 Oct 05:17:54 - Serve proxy.pac
27 Oct 05:17:54 - Serve proxy.pac
27 Oct 05:19:26 - Serve proxy.pac
27 Oct 05:19:26 - Serve proxy.pac
27 Oct 05:19:27 - Serve proxy.pac
27 Oct 05:19:27 - Serve proxy.pac
27 Oct 05:19:28 - Serve proxy.pac
27 Oct 05:22:04 - Serve proxy.pac
27 Oct 05:22:17 - Serve proxy.pac
27 Oct 05:24:59 - Serve proxy.pac
27 Oct 05:25:00 - Serve proxy.pac
27 Oct 05:25:00 - Serve proxy.pac
27 Oct 05:25:01 - Serve proxy.pac
27 Oct 05:25:02 - Serve proxy.pac
27 Oct 05:25:02 - Serve proxy.pac
27 Oct 05:25:07 - Serve proxy.pac
27 Oct 05:30:11 - Serve proxy.pac
27 Oct 06:37:23 - Serve proxy.pac
27 Oct 06:37:26 - Serve proxy.pac
27 Oct 06:37:26 - Serve proxy.pac
27 Oct 06:37:26 - Serve proxy.pac
27 Oct 06:37:26 - Serve proxy.pac
27 Oct 06:37:28 - Serve proxy.pac
27 Oct 06:37:28 - Serve proxy.pac
27 Oct 06:37:28 - Serve proxy.pac
27 Oct 06:37:41 - Serve proxy.pac
27 Oct 06:37:51 - Serve proxy.pac
27 Oct 06:41:12 - Serve proxy.pac
27 Oct 06:41:17 - Serve proxy.pac
27 Oct 06:48:56 - Serve proxy.pac
27 Oct 06:49:26 - Serve proxy.pac
27 Oct 06:50:55 - Serve proxy.pac
27 Oct 06:58:39 - Serve proxy.pac
27 Oct 07:14:34 - Serve proxy.pac
27 Oct 07:15:22 - Serve proxy.pac
27 Oct 07:17:19 - Serve proxy.pac
27 Oct 07:29:36 - Serve proxy.pac
27 Oct 08:14:15 - Serve proxy.pac
27 Oct 08:14:16 - Serve proxy.pac
27 Oct 08:14:17 - Serve proxy.pac
27 Oct 08:14:17 - Serve proxy.pac
27 Oct 08:14:17 - Serve proxy.pac
27 Oct 08:14:21 - Serve proxy.pac
27 Oct 08:14:21 - Serve proxy.pac
27 Oct 08:14:21 - Serve proxy.pac
27 Oct 08:14:32 - Serve proxy.pac
27 Oct 09:14:59 - Serve proxy.pac
27 Oct 09:14:59 - Serve proxy.pac
27 Oct 09:14:59 - Serve proxy.pac
27 Oct 09:15:01 - Serve proxy.pac
27 Oct 09:15:01 - Serve proxy.pac
27 Oct 09:15:01 - Serve proxy.pac
27 Oct 09:15:03 - Serve proxy.pac
27 Oct 09:15:03 - Serve proxy.pac
27 Oct 09:15:03 - Serve proxy.pac
27 Oct 09:15:16 - Serve proxy.pac
27 Oct 09:15:34 - Serve proxy.pac
27 Oct 10:15:47 - Serve proxy.pac
27 Oct 10:15:49 - Serve proxy.pac
27 Oct 10:15:50 - Serve proxy.pac
27 Oct 10:15:51 - Serve proxy.pac
27 Oct 10:15:51 - Serve proxy.pac
27 Oct 10:15:51 - Serve proxy.pac
27 Oct 10:16:05 - Serve proxy.pac
27 Oct 10:16:25 - Serve proxy.pac
27 Oct 11:16:28 - Serve proxy.pac
27 Oct 11:16:28 - Serve proxy.pac
27 Oct 11:16:29 - Serve proxy.pac
27 Oct 11:16:30 - Serve proxy.pac
27 Oct 11:16:30 - Serve proxy.pac
27 Oct 11:16:30 - Serve proxy.pac
27 Oct 11:16:32 - Serve proxy.pac
27 Oct 11:16:32 - Serve proxy.pac
27 Oct 11:16:32 - Serve proxy.pac
27 Oct 11:16:46 - Serve proxy.pac
27 Oct 11:17:17 - Serve proxy.pac
27 Oct 11:27:51 - Serve proxy.pac
27 Oct 11:27:51 - Serve proxy.pac
27 Oct 11:27:51 - Serve proxy.pac
27 Oct 11:27:53 - Serve proxy.pac
27 Oct 11:27:53 - Serve proxy.pac
27 Oct 11:27:53 - Serve proxy.pac
27 Oct 11:27:53 - Serve proxy.pac
27 Oct 11:27:54 - Serve proxy.pac
27 Oct 11:27:55 - Serve proxy.pac
27 Oct 11:27:55 - Serve proxy.pac
27 Oct 11:27:55 - Serve proxy.pac
27 Oct 11:27:59 - Serve proxy.pac
27 Oct 11:27:59 - Serve proxy.pac
27 Oct 11:28:03 - Serve proxy.pac
27 Oct 11:28:04 - Serve proxy.pac
27 Oct 11:28:14 - Serve proxy.pac
27 Oct 11:28:16 - Serve proxy.pac
27 Oct 11:28:16 - Serve proxy.pac
27 Oct 11:28:17 - Serve proxy.pac
27 Oct 11:28:18 - Serve proxy.pac
27 Oct 11:28:23 - Serve proxy.pac
27 Oct 11:28:34 - Serve proxy.pac
27 Oct 11:28:44 - Serve proxy.pac
27 Oct 11:29:23 - Serve proxy.pac
27 Oct 11:32:44 - Serve proxy.pac
27 Oct 11:32:44 - Serve proxy.pac
27 Oct 11:33:15 - Serve proxy.pac
27 Oct 11:33:30 - Serve proxy.pac
27 Oct 11:33:32 - Serve proxy.pac
27 Oct 11:34:21 - Serve proxy.pac
27 Oct 11:37:19 - Serve proxy.pac
27 Oct 11:38:00 - Serve proxy.pac
27 Oct 11:42:27 - Serve proxy.pac
27 Oct 12:46:10 - Serve proxy.pac
27 Oct 12:46:10 - Serve proxy.pac
27 Oct 12:46:12 - Serve proxy.pac
27 Oct 12:46:12 - Serve proxy.pac
27 Oct 12:46:12 - Serve proxy.pac
27 Oct 12:46:12 - Serve proxy.pac
27 Oct 12:46:16 - Serve proxy.pac
27 Oct 12:46:16 - Serve proxy.pac
27 Oct 12:46:16 - Serve proxy.pac
27 Oct 12:46:29 - Serve proxy.pac
27 Oct 12:46:34 - Serve proxy.pac
27 Oct 13:47:13 - Serve proxy.pac
27 Oct 13:47:13 - Serve proxy.pac
27 Oct 13:47:15 - Serve proxy.pac
27 Oct 13:47:19 - Serve proxy.pac
27 Oct 13:47:19 - Serve proxy.pac
27 Oct 13:47:19 - Serve proxy.pac
27 Oct 13:47:25 - Serve proxy.pac
27 Oct 13:47:32 - Serve proxy.pac
27 Oct 14:47:58 - Serve proxy.pac
27 Oct 14:48:00 - Serve proxy.pac
27 Oct 14:48:00 - Serve proxy.pac
27 Oct 14:48:00 - Serve proxy.pac
27 Oct 14:48:00 - Serve proxy.pac
27 Oct 14:48:03 - Serve proxy.pac
27 Oct 14:48:03 - Serve proxy.pac
27 Oct 14:48:03 - Serve proxy.pac
27 Oct 14:48:17 - Serve proxy.pac
27 Oct 14:48:17 - Serve proxy.pac
27 Oct 15:29:54 - Serve proxy.pac
27 Oct 15:29:54 - Serve proxy.pac
27 Oct 15:29:56 - Serve proxy.pac
27 Oct 15:29:56 - Serve proxy.pac
27 Oct 15:29:56 - Serve proxy.pac
27 Oct 15:29:56 - Serve proxy.pac
27 Oct 15:29:56 - Serve proxy.pac
27 Oct 15:29:59 - Serve proxy.pac
27 Oct 15:29:59 - Serve proxy.pac
27 Oct 15:29:59 - Serve proxy.pac
27 Oct 15:29:59 - Serve proxy.pac
27 Oct 15:30:03 - Serve proxy.pac
27 Oct 15:30:26 - Serve proxy.pac
27 Oct 15:30:26 - Serve proxy.pac
27 Oct 15:30:33 - Serve proxy.pac
27 Oct 15:30:50 - Serve proxy.pac
27 Oct 15:30:50 - Serve proxy.pac
27 Oct 15:34:42 - Serve proxy.pac
27 Oct 15:34:55 - Serve proxy.pac
27 Oct 15:36:07 - Serve proxy.pac
27 Oct 15:37:40 - Serve proxy.pac
27 Oct 15:40:19 - Serve proxy.pac
27 Oct 15:41:26 - Serve proxy.pac
27 Oct 15:41:26 - Serve proxy.pac
27 Oct 15:44:03 - Serve proxy.pac
27 Oct 16:00:09 - Serve proxy.pac
27 Oct 16:06:02 - Serve proxy.pac
27 Oct 16:24:33 - Serve proxy.pac
27 Oct 16:24:34 - Serve proxy.pac
27 Oct 16:24:55 - Serve proxy.pac
27 Oct 16:28:18 - Serve proxy.pac
27 Oct 16:28:19 - Serve proxy.pac
27 Oct 16:28:39 - Serve proxy.pac
27 Oct 16:29:35 - Serve proxy.pac
27 Oct 16:34:52 - Serve proxy.pac
27 Oct 16:35:51 - Serve proxy.pac
27 Oct 16:38:20 - Resolve password
27 Oct 16:38:20 - Can't find server id: undefined
27 Oct 16:39:44 - Resolve favicon2.iso
27 Oct 16:39:44 - Can't find server id: undefined
27 Oct 16:39:44 - Resolve favicon.iso
27 Oct 16:39:44 - Can't find server id: undefined
27 Oct 16:39:52 - Serve proxy.pac
27 Oct 16:40:01 - Serve proxy.pac
27 Oct 16:40:25 - Resolve aboutprinter.html
27 Oct 16:40:25 - Can't find server id: undefined
27 Oct 16:40:29 - Resolve login.html
27 Oct 16:40:29 - Can't find server id: undefined
27 Oct 16:40:32 - Resolve xmldata
27 Oct 16:40:32 - Can't find server id: undefined
27 Oct 16:40:41 - Resolve Home.do
27 Oct 16:40:41 - Can't find server id: undefined
27 Oct 16:40:43 - Resolve check_proxy.html
27 Oct 16:40:43 - Can't find server id: undefined
27 Oct 16:40:43 - Resolve robots.txt
27 Oct 16:40:43 - Can't find server id: undefined
27 Oct 16:40:43 - Resolve sitemap.xml
27 Oct 16:40:43 - Can't find server id: undefined
27 Oct 16:40:43 - Resolve .cobalt
27 Oct 16:40:43 - Can't find server id: undefined
27 Oct 16:40:43 - Resolve admin.back
27 Oct 16:40:43 - Can't find server id: undefined
27 Oct 16:40:43 - Resolve file
27 Oct 16:40:43 - Can't find server id: undefined
27 Oct 16:40:43 - Resolve wavemaster.internal
27 Oct 16:40:43 - Can't find server id: undefined
27 Oct 16:40:45 - Resolve header.php
27 Oct 16:40:45 - Can't find server id: undefined
27 Oct 16:40:46 - Resolve login.php
27 Oct 16:40:46 - Can't find server id: undefined
27 Oct 16:40:46 - Resolve start.js
27 Oct 16:40:46 - Can't find server id: undefined
27 Oct 16:40:46 - Resolve tmui
27 Oct 16:40:46 - Can't find server id: undefined
27 Oct 16:40:46 - Resolve login
27 Oct 16:40:46 - Can't find server id: undefined
27 Oct 16:40:46 - Resolve login
27 Oct 16:40:46 - Can't find server id: undefined
27 Oct 16:40:46 - Resolve home.htm
27 Oct 16:40:46 - Can't find server id: undefined
27 Oct 16:40:46 - Resolve ptz.htm
27 Oct 16:40:46 - Can't find server id: undefined
27 Oct 16:41:08 - Resolve _vvkv32YAvYQ.html
27 Oct 16:41:08 - Can't find server id: undefined
27 Oct 16:41:08 - Resolve _vvkv32YAvYQ.cgi
27 Oct 16:41:08 - Can't find server id: undefined
27 Oct 16:41:08 - Resolve _vvkv32YAvYQ.sh
27 Oct 16:41:08 - Can't find server id: undefined
27 Oct 16:41:08 - Resolve _vvkv32YAvYQ.pl
27 Oct 16:41:08 - Can't find server id: undefined
27 Oct 16:41:08 - Resolve _vvkv32YAvYQ.inc
27 Oct 16:41:08 - Can't find server id: undefined
27 Oct 16:41:08 - Resolve _vvkv32YAvYQ.shtml
27 Oct 16:41:08 - Can't find server id: undefined
27 Oct 16:41:08 - Resolve _vvkv32YAvYQ.asp
27 Oct 16:41:08 - Can't find server id: undefined
27 Oct 16:41:08 - Resolve _vvkv32YAvYQ.php
27 Oct 16:41:08 - Can't find server id: undefined
27 Oct 16:41:08 - Resolve _vvkv32YAvYQ.php3
27 Oct 16:41:08 - Can't find server id: undefined
27 Oct 16:41:08 - Resolve _vvkv32YAvYQ.cfm
27 Oct 16:41:08 - Can't find server id: undefined
27 Oct 16:41:10 - Resolve MM
27 Oct 16:41:10 - Can't find server id: undefined
27 Oct 16:41:57 - Resolve login
27 Oct 16:41:57 - Can't find server id: undefined
27 Oct 16:41:57 - Resolve login.jsp
27 Oct 16:41:57 - Can't find server id: undefined
27 Oct 16:41:57 - Resolve clientaccesspolicy.xml
27 Oct 16:41:57 - Can't find server id: undefined
27 Oct 16:41:57 - Resolve login
27 Oct 16:41:57 - Can't find server id: undefined
27 Oct 16:41:57 - Resolve ..\..\..\..\..\..\..\..\..\..\windows\win.ini
27 Oct 16:41:57 - Can't find server id: undefined
27 Oct 16:41:57 - Resolve ..\..\..\..\..\..\..\..\..\..\winnt\win.ini
27 Oct 16:41:57 - Can't find server id: undefined
27 Oct 16:41:57 - Resolve \..\..\..\..\..\..\..\..\..\windows\win.ini
27 Oct 16:41:57 - Can't find server id: undefined
27 Oct 16:41:57 - Resolve \..\..\..\..\..\..\..\..\..\winnt\win.ini
27 Oct 16:41:57 - Can't find server id: undefined
27 Oct 16:41:57 - Resolve \..\..\..\..\..\..\..\..\..\windows\win.ini
27 Oct 16:41:57 - Can't find server id: undefined
27 Oct 16:41:57 - Resolve \..\..\..\..\..\..\..\..\..\winnt\win.ini
27 Oct 16:41:57 - Can't find server id: undefined
27 Oct 16:41:57 - Resolve /../../../../../../../../../windows/win.ini
27 Oct 16:41:57 - Can't find server id: undefined
27 Oct 16:41:57 - Resolve /../../../../../../../../../winnt/win.ini
27 Oct 16:41:57 - Can't find server id: undefined
27 Oct 16:41:57 - Resolve ..\..\..\..\..\..\..\..\..\..\windows\win.ini
27 Oct 16:41:57 - Can't find server id: undefined
27 Oct 16:41:57 - Resolve ..\..\..\..\..\..\..\..\..\..\winnt\win.ini
27 Oct 16:41:57 - Can't find server id: undefined
27 Oct 16:41:57 - Resolve ..\..\..\..\..\..\..\..\..\..\..\windows\win.ini
27 Oct 16:41:57 - Can't find server id: undefined
27 Oct 16:41:57 - Resolve ...\...\...\...\...\...\...\...\...\windows\win.ini
27 Oct 16:41:57 - Can't find server id: undefined
27 Oct 16:41:57 - Resolve ...\...\...\...\...\...\...\...\...\winnt\win.ini
27 Oct 16:41:57 - Can't find server id: undefined
27 Oct 16:41:57 - Resolve ....\....\....\....\....\....\....\....\....\windows\win.ini
27 Oct 16:41:57 - Can't find server id: undefined
27 Oct 16:41:57 - Resolve ....\....\....\....\....\....\....\....\....\winnt\win.ini
27 Oct 16:41:57 - Can't find server id: undefined
27 Oct 16:41:57 - Resolve nessus\..\..\..\..\..\..\windows\win.ini
27 Oct 16:41:57 - Can't find server id: undefined
27 Oct 16:41:57 - Resolve nessus\..\..\..\..\..\..\winnt\win.ini
27 Oct 16:41:57 - Can't find server id: undefined
27 Oct 16:41:57 - Resolve usage
27 Oct 16:41:57 - Can't find server id: undefined
27 Oct 16:41:57 - Resolve webalizer
27 Oct 16:41:57 - Can't find server id: undefined
27 Oct 16:41:58 - Resolve sitemap.xml
27 Oct 16:41:58 - Can't find server id: undefined
27 Oct 16:41:58 - Resolve status.php3
27 Oct 16:41:58 - Can't find server id: undefined
27 Oct 16:41:58 - Resolve HNAP1
27 Oct 16:41:58 - Can't find server id: undefined
27 Oct 16:41:59 - Resolve NCMContainer.cc
27 Oct 16:41:59 - Can't find server id: undefined
27 Oct 16:41:59 - Resolve btmui
27 Oct 16:41:59 - Can't find server id: undefined
27 Oct 16:41:59 - Resolve header.php
27 Oct 16:41:59 - Can't find server id: undefined
27 Oct 16:41:59 - Resolve index.do
27 Oct 16:41:59 - Can't find server id: undefined
27 Oct 16:41:59 - Resolve index.jsp
27 Oct 16:41:59 - Can't find server id: undefined
27 Oct 16:41:59 - Resolve index.JSP
27 Oct 16:41:59 - Can't find server id: undefined
27 Oct 16:42:00 - Resolve getxml
27 Oct 16:42:00 - Can't find server id: undefined
27 Oct 16:42:00 - Resolve login.html
27 Oct 16:42:00 - Can't find server id: undefined
27 Oct 16:42:00 - Resolve ad_click.asp
27 Oct 16:42:00 - Can't find server id: undefined
27 Oct 16:42:00 - Resolve acopia
27 Oct 16:42:00 - Can't find server id: undefined
27 Oct 16:42:00 - Resolve public
27 Oct 16:42:00 - Can't find server id: undefined
27 Oct 16:42:00 - Resolve login.php
27 Oct 16:42:00 - Can't find server id: undefined
27 Oct 16:42:00 - Resolve ControllerWeb
27 Oct 16:42:00 - Can't find server id: undefined
27 Oct 16:42:00 - Resolve ipam
27 Oct 16:42:00 - Can't find server id: undefined
27 Oct 16:42:00 - Resolve devinfo.xml
27 Oct 16:42:00 - Can't find server id: undefined
27 Oct 16:42:01 - Resolve mail
27 Oct 16:42:01 - Can't find server id: undefined
27 Oct 16:42:01 - Resolve about.jsp
27 Oct 16:42:01 - Can't find server id: undefined
27 Oct 16:42:01 - Resolve jts
27 Oct 16:42:01 - Can't find server id: undefined
27 Oct 16:42:01 - Resolve tightvnc-jviewer.jar
27 Oct 16:42:01 - Can't find server id: undefined
27 Oct 16:42:01 - Resolve niet1871669164
27 Oct 16:42:01 - Can't find server id: undefined
27 Oct 16:42:01 - Resolve niet1501897198.
27 Oct 16:42:01 - Can't find server id: undefined
27 Oct 16:42:01 - Resolve niet464992753.asp
27 Oct 16:42:01 - Can't find server id: undefined
27 Oct 16:42:01 - Resolve niet1479419416.aspx
27 Oct 16:42:01 - Can't find server id: undefined
27 Oct 16:42:01 - Resolve niet827490272.html
27 Oct 16:42:01 - Can't find server id: undefined
27 Oct 16:42:01 - Resolve niet710764098.htm
27 Oct 16:42:01 - Can't find server id: undefined
27 Oct 16:42:01 - Resolve niet820333367.shtm
27 Oct 16:42:01 - Can't find server id: undefined
27 Oct 16:42:01 - Resolve niet1233660852.shtml
27 Oct 16:42:01 - Can't find server id: undefined
27 Oct 16:42:01 - Resolve niet45014167.jsp
27 Oct 16:42:01 - Can't find server id: undefined
27 Oct 16:42:01 - Resolve niet1655650005.jspx
27 Oct 16:42:01 - Can't find server id: undefined
27 Oct 16:42:01 - Resolve niet1613994639.php
27 Oct 16:42:01 - Can't find server id: undefined
27 Oct 16:42:01 - Resolve niet1011920941.php3
27 Oct 16:42:01 - Can't find server id: undefined
27 Oct 16:42:01 - Resolve niet2024724836.php4
27 Oct 16:42:01 - Can't find server id: undefined
27 Oct 16:42:01 - Resolve niet303837929.php5
27 Oct 16:42:01 - Can't find server id: undefined
27 Oct 16:42:01 - Resolve niet96790366.php6
27 Oct 16:42:01 - Can't find server id: undefined
27 Oct 16:42:01 - Resolve niet301595647.cfm
27 Oct 16:42:01 - Can't find server id: undefined
27 Oct 16:42:02 - Resolve mod_gzip_status
27 Oct 16:42:02 - Can't find server id: undefined
URIError: Failed to decode param '%NETHOOD%'
    at decodeURIComponent (native)
    at decode_param (/Users/paul/.nvm/versions/node/v6.7.0/lib/node_modules/hotel/node_modules/express/lib/router/layer.js:167:12)
    at Layer.match (/Users/paul/.nvm/versions/node/v6.7.0/lib/node_modules/hotel/node_modules/express/lib/router/layer.js:143:15)
    at matchLayer (/Users/paul/.nvm/versions/node/v6.7.0/lib/node_modules/hotel/node_modules/express/lib/router/index.js:557:18)
    at next (/Users/paul/.nvm/versions/node/v6.7.0/lib/node_modules/hotel/node_modules/express/lib/router/index.js:216:15)
    at Function.handle (/Users/paul/.nvm/versions/node/v6.7.0/lib/node_modules/hotel/node_modules/express/lib/router/index.js:176:3)
    at router (/Users/paul/.nvm/versions/node/v6.7.0/lib/node_modules/hotel/node_modules/express/lib/router/index.js:46:12)
    at Layer.handle [as handle_request] (/Users/paul/.nvm/versions/node/v6.7.0/lib/node_modules/hotel/node_modules/express/lib/router/layer.js:95:5)
    at trim_prefix (/Users/paul/.nvm/versions/node/v6.7.0/lib/node_modules/hotel/node_modules/express/lib/router/index.js:312:13)
    at /Users/paul/.nvm/versions/node/v6.7.0/lib/node_modules/hotel/node_modules/express/lib/router/index.js:280:7
27 Oct 16:42:02 - Resolve login
27 Oct 16:42:02 - Can't find server id: undefined
27 Oct 16:42:02 - Resolve SiteScope
27 Oct 16:42:02 - Can't find server id: undefined
27 Oct 16:42:02 - Resolve favicon.ico
27 Oct 16:42:02 - Can't find server id: undefined
27 Oct 16:42:02 - Resolve images
27 Oct 16:42:02 - Can't find server id: undefined
27 Oct 16:42:02 - Resolve nessus345678.html
27 Oct 16:42:02 - Can't find server id: undefined
27 Oct 16:42:02 - Resolve InitialPage.asp
27 Oct 16:42:02 - Can't find server id: undefined
27 Oct 16:42:02 - Resolve nosuchfile-1792848412-413957664.jsp
27 Oct 16:42:02 - Can't find server id: undefined
27 Oct 16:42:02 - Resolve .DS_Store
27 Oct 16:42:02 - Can't find server id: undefined
27 Oct 16:42:02 - Resolve vsmc.html
27 Oct 16:42:02 - Can't find server id: undefined
27 Oct 16:42:03 - Resolve images
27 Oct 16:42:03 - Can't find server id: undefined
27 Oct 16:42:03 - Resolve login
27 Oct 16:42:03 - Can't find server id: undefined
27 Oct 16:42:03 - Resolve doc
27 Oct 16:42:03 - Can't find server id: undefined
27 Oct 16:42:03 - Resolve login.jsp
27 Oct 16:42:03 - Can't find server id: undefined
27 Oct 16:42:03 - Resolve someunexistantstuff2014493411842972566.html
27 Oct 16:42:03 - Can't find server id: undefined
27 Oct 16:42:03 - Resolve someunexistantstuff.exe
27 Oct 16:42:03 - Can't find server id: undefined
27 Oct 16:42:03 - Resolve someunexistantantsutff328852824760689274.html
27 Oct 16:42:03 - Can't find server id: undefined
27 Oct 16:42:03 - Resolve someunexistantantsutff.exe
27 Oct 16:42:03 - Can't find server id: undefined
27 Oct 16:42:08 - Resolve oo
27 Oct 16:42:08 - Can't find server id: undefined
27 Oct 16:42:14 - Resolve login.htm
27 Oct 16:42:14 - Can't find server id: undefined
27 Oct 16:42:14 - Resolve 1zgg3ie5.asp
27 Oct 16:42:14 - Can't find server id: undefined
27 Oct 16:42:14 - Resolve 1zgg3ie5.asp
27 Oct 16:42:14 - Can't find server id: undefined
27 Oct 16:42:14 - Resolve 1zgg3ie5.aspx
27 Oct 16:42:14 - Can't find server id: undefined
27 Oct 16:42:14 - Resolve 1zgg3ie5.aspx
27 Oct 16:42:14 - Can't find server id: undefined
27 Oct 16:42:14 - Resolve 1zgg3ie5.pl
27 Oct 16:42:14 - Can't find server id: undefined
27 Oct 16:42:14 - Resolve 1zgg3ie5.pl
27 Oct 16:42:14 - Can't find server id: undefined
27 Oct 16:42:14 - Resolve 1zgg3ie5.cgi
27 Oct 16:42:14 - Can't find server id: undefined
27 Oct 16:42:14 - Resolve 1zgg3ie5.cgi
27 Oct 16:42:14 - Can't find server id: undefined
27 Oct 16:42:14 - Resolve 1zgg3ie5.exe
27 Oct 16:42:14 - Can't find server id: undefined
27 Oct 16:42:14 - Resolve 1zgg3ie5.exe
27 Oct 16:42:14 - Can't find server id: undefined
27 Oct 16:42:14 - Resolve 1zgg3ie5.cfm
27 Oct 16:42:14 - Can't find server id: undefined
27 Oct 16:42:14 - Resolve 1zgg3ie5.cfm
27 Oct 16:42:14 - Can't find server id: undefined
27 Oct 16:42:14 - Resolve 1zgg3ie5.html
27 Oct 16:42:14 - Can't find server id: undefined
27 Oct 16:42:14 - Resolve 1zgg3ie5.html
27 Oct 16:42:14 - Can't find server id: undefined
27 Oct 16:42:14 - Resolve 1zgg3ie5.jsp
27 Oct 16:42:14 - Can't find server id: undefined
27 Oct 16:42:14 - Resolve 1zgg3ie5.jsp
27 Oct 16:42:14 - Can't find server id: undefined
27 Oct 16:42:14 - Resolve 1zgg3ie5.php
27 Oct 16:42:14 - Can't find server id: undefined
27 Oct 16:42:14 - Resolve 1zgg3ie5.php
27 Oct 16:42:14 - Can't find server id: undefined
27 Oct 16:42:14 - Resolve 1zgg3ie5.php3
27 Oct 16:42:14 - Can't find server id: undefined
27 Oct 16:42:14 - Resolve 1zgg3ie5.php3
27 Oct 16:42:14 - Can't find server id: undefined
27 Oct 16:42:14 - Resolve 1zgg3ie5.cfc
27 Oct 16:42:14 - Can't find server id: undefined
27 Oct 16:42:14 - Resolve 1zgg3ie5.cfc
27 Oct 16:42:14 - Can't find server id: undefined
27 Oct 16:42:14 - Resolve 1zgg3ie5.nsf
27 Oct 16:42:14 - Can't find server id: undefined
27 Oct 16:42:14 - Resolve 1zgg3ie5.nsf
27 Oct 16:42:14 - Can't find server id: undefined
27 Oct 16:42:14 - Resolve 1zgg3ie5.dll
27 Oct 16:42:14 - Can't find server id: undefined
27 Oct 16:42:14 - Resolve 1zgg3ie5.dll
27 Oct 16:42:14 - Can't find server id: undefined
27 Oct 16:42:14 - Resolve 1zgg3ie5.fts
27 Oct 16:42:14 - Can't find server id: undefined
27 Oct 16:42:14 - Resolve 1zgg3ie5.fts
27 Oct 16:42:14 - Can't find server id: undefined
27 Oct 16:42:14 - Resolve 1zgg3ie5.jspa
27 Oct 16:42:14 - Can't find server id: undefined
27 Oct 16:42:14 - Resolve 1zgg3ie5.jspa
27 Oct 16:42:14 - Can't find server id: undefined
27 Oct 16:42:14 - Resolve 1zgg3ie5.kspx
27 Oct 16:42:14 - Can't find server id: undefined
27 Oct 16:42:14 - Resolve 1zgg3ie5.kspx
27 Oct 16:42:14 - Can't find server id: undefined
27 Oct 16:42:14 - Resolve 1zgg3ie5.mscgi
27 Oct 16:42:14 - Can't find server id: undefined
27 Oct 16:42:14 - Resolve 1zgg3ie5.mscgi
27 Oct 16:42:14 - Can't find server id: undefined
27 Oct 16:42:14 - Resolve 1zgg3ie5.do
27 Oct 16:42:14 - Can't find server id: undefined
27 Oct 16:42:14 - Resolve 1zgg3ie5.do
27 Oct 16:42:14 - Can't find server id: undefined
27 Oct 16:42:14 - Resolve 1zgg3ie5.htm
27 Oct 16:42:14 - Can't find server id: undefined
27 Oct 16:42:14 - Resolve 1zgg3ie5.htm
27 Oct 16:42:14 - Can't find server id: undefined
27 Oct 16:42:14 - Resolve 1zgg3ie5.idc
27 Oct 16:42:14 - Can't find server id: undefined
27 Oct 16:42:14 - Resolve 1zgg3ie5.idc
27 Oct 16:42:14 - Can't find server id: undefined
27 Oct 16:42:14 - Resolve 1zgg3ie5.x
27 Oct 16:42:14 - Can't find server id: undefined
27 Oct 16:42:14 - Resolve 1zgg3ie5.x
27 Oct 16:42:14 - Can't find server id: undefined
27 Oct 16:42:14 - Resolve <meta http-equiv=Set-Cookie content="testrdoq=298">
27 Oct 16:42:14 - Can't find server id: undefined
27 Oct 16:42:14 - Resolve robots.txt
27 Oct 16:42:14 - Can't find server id: undefined
27 Oct 16:42:14 - Resolve index.exp
27 Oct 16:42:14 - Can't find server id: undefined
27 Oct 16:42:14 - Resolve login.do
27 Oct 16:42:14 - Can't find server id: undefined
27 Oct 16:42:14 - Resolve main_internet.php
27 Oct 16:42:14 - Can't find server id: undefined
27 Oct 16:42:15 - Resolve HDiF2Mhi.ashx
27 Oct 16:42:15 - Can't find server id: undefined
27 Oct 16:42:15 - Resolve _zE2mDLa.aspx
27 Oct 16:42:15 - Can't find server id: undefined
27 Oct 16:42:15 - Resolve YH_UKwij.asmx
27 Oct 16:42:15 - Can't find server id: undefined
27 Oct 16:42:15 - Resolve cgi
27 Oct 16:42:15 - Can't find server id: undefined
27 Oct 16:42:15 - Resolve rMFVF_Hh.ashx
27 Oct 16:42:15 - Can't find server id: undefined
27 Oct 16:42:15 - Resolve NBKcY1S6.aspx
27 Oct 16:42:15 - Can't find server id: undefined
27 Oct 16:42:15 - Resolve 0X5Cd825.asmx
27 Oct 16:42:15 - Can't find server id: undefined
27 Oct 16:42:15 - Resolve 3RHGZYyp.rem
27 Oct 16:42:15 - Can't find server id: undefined
27 Oct 16:42:15 - Resolve DTKof7_z.soap
27 Oct 16:42:15 - Can't find server id: undefined
27 Oct 16:42:15 - Resolve login
27 Oct 16:42:15 - Can't find server id: undefined
27 Oct 16:42:15 - Resolve cxbDoPV0.aspx
27 Oct 16:42:15 - Can't find server id: undefined
27 Oct 16:42:15 - Resolve client
27 Oct 16:42:15 - Can't find server id: undefined
27 Oct 16:42:15 - Resolve query.idq
27 Oct 16:42:15 - Can't find server id: undefined
27 Oct 16:42:15 - Resolve query.idq
27 Oct 16:42:15 - Can't find server id: undefined
27 Oct 16:42:16 - Resolve nessus345678.html
27 Oct 16:42:16 - Can't find server id: undefined
27 Oct 16:42:16 - Resolve stcenter.nsf
27 Oct 16:42:16 - Can't find server id: undefined
27 Oct 16:42:16 - Resolve UDataArea
27 Oct 16:42:16 - Can't find server id: undefined
27 Oct 16:42:16 - Resolve login.html
27 Oct 16:42:16 - Can't find server id: undefined
27 Oct 16:42:16 - Resolve active.log
27 Oct 16:42:16 - Can't find server id: undefined
27 Oct 16:42:16 - Resolve PassTrixMain.cc
27 Oct 16:42:16 - Can't find server id: undefined
27 Oct 16:42:16 - Resolve vncviewer.jar
27 Oct 16:42:16 - Can't find server id: undefined
27 Oct 16:42:16 - Resolve sawmillcl.exe
27 Oct 16:42:16 - Can't find server id: undefined
27 Oct 16:42:16 - Resolve sawmill6cl.exe
27 Oct 16:42:16 - Can't find server id: undefined
27 Oct 16:42:16 - Resolve  
27 Oct 16:42:16 - Can't find server id: undefined
27 Oct 16:42:16 - Resolve xmldata
27 Oct 16:42:16 - Can't find server id: undefined
27 Oct 16:42:16 - Resolve features
27 Oct 16:42:16 - Can't find server id: undefined
27 Oct 16:42:16 - Resolve admin
27 Oct 16:42:16 - Can't find server id: undefined
27 Oct 16:42:16 - Resolve scmadmin
27 Oct 16:42:16 - Can't find server id: undefined
27 Oct 16:42:16 - Resolve about
27 Oct 16:42:16 - Can't find server id: undefined
27 Oct 16:42:17 - Resolve NULL.ida
27 Oct 16:42:17 - Can't find server id: undefined
27 Oct 16:42:19 - Resolve SAPHostControl
27 Oct 16:42:19 - Can't find server id: undefined
27 Oct 16:42:19 - Resolve web-determinations
27 Oct 16:42:19 - Can't find server id: undefined
27 Oct 16:42:19 - Resolve this_page_should_not_exist.htm
27 Oct 16:42:19 - Can't find server id: undefined
27 Oct 16:42:19 - Resolve perl
27 Oct 16:42:19 - Can't find server id: undefined
27 Oct 16:42:19 - Resolve home.htm
27 Oct 16:42:19 - Can't find server id: undefined
27 Oct 16:42:20 - Resolve login
27 Oct 16:42:20 - Can't find server id: undefined
27 Oct 16:42:20 - Resolve popuplargeimage.asp
27 Oct 16:42:20 - Can't find server id: undefined
27 Oct 16:42:21 - Resolve platform-ui
27 Oct 16:42:21 - Can't find server id: undefined
27 Oct 16:42:21 - Resolve mainui
27 Oct 16:42:21 - Can't find server id: undefined
27 Oct 16:42:21 - Resolve crossdomain.xml
27 Oct 16:42:21 - Can't find server id: undefined
27 Oct 16:42:21 - Resolve self_upgrade.html
27 Oct 16:42:21 - Can't find server id: undefined
27 Oct 16:42:21 - Resolve VncViewer.jar
27 Oct 16:42:21 - Can't find server id: undefined
27 Oct 16:42:21 - Resolve OEMSettings.ini
27 Oct 16:42:21 - Can't find server id: undefined
27 Oct 16:42:21 - Resolve .htaccess.old
27 Oct 16:42:21 - Can't find server id: undefined
27 Oct 16:42:21 - Resolve .htaccess.bak
27 Oct 16:42:21 - Can't find server id: undefined
27 Oct 16:42:21 - Resolve .htaccess~
27 Oct 16:42:21 - Can't find server id: undefined
27 Oct 16:42:21 - Resolve .htaccess.copy
27 Oct 16:42:21 - Can't find server id: undefined
27 Oct 16:42:21 - Resolve .htaccess.tmp
27 Oct 16:42:21 - Can't find server id: undefined
27 Oct 16:42:21 - Resolve ..htaccess.swp
27 Oct 16:42:21 - Can't find server id: undefined
27 Oct 16:42:21 - Resolve .htaccess.1
27 Oct 16:42:21 - Can't find server id: undefined
27 Oct 16:42:21 - Resolve .htaccess.~1~
27 Oct 16:42:21 - Can't find server id: undefined
27 Oct 16:42:21 - Resolve login
27 Oct 16:42:21 - Can't find server id: undefined
27 Oct 16:42:21 - Resolve configurations.do
27 Oct 16:42:21 - Can't find server id: undefined
27 Oct 16:42:21 - Resolve Director
27 Oct 16:42:21 - Can't find server id: undefined
27 Oct 16:42:21 - Resolve DesktopDirector
27 Oct 16:42:21 - Can't find server id: undefined
27 Oct 16:42:21 - Resolve system.xml
27 Oct 16:42:21 - Can't find server id: undefined
27 Oct 16:42:21 - Resolve syslog.htm
27 Oct 16:42:21 - Can't find server id: undefined
27 Oct 16:42:22 - Resolve igsponsor
27 Oct 16:42:22 - Can't find server id: undefined
27 Oct 16:42:22 - Resolve index.asp\
27 Oct 16:42:22 - Can't find server id: undefined
27 Oct 16:42:22 - Resolve default.asp\
27 Oct 16:42:22 - Can't find server id: undefined
27 Oct 16:42:22 - Resolve login.asp\
27 Oct 16:42:22 - Can't find server id: undefined
27 Oct 16:42:23 - Resolve SnoopServlet
27 Oct 16:42:23 - Can't find server id: undefined
27 Oct 16:42:23 - Resolve snoopservlet
27 Oct 16:42:23 - Can't find server id: undefined
27 Oct 16:42:23 - Resolve snoop
27 Oct 16:42:23 - Can't find server id: undefined
27 Oct 16:42:23 - Resolve auth.html
27 Oct 16:42:23 - Can't find server id: undefined
27 Oct 16:42:23 - Resolve login
27 Oct 16:42:23 - Can't find server id: undefined
27 Oct 16:42:25 - Resolve portal
27 Oct 16:42:25 - Can't find server id: undefined
27 Oct 16:42:25 - Resolve login
27 Oct 16:42:25 - Can't find server id: undefined
27 Oct 16:42:25 - Resolve dndirector
27 Oct 16:42:25 - Can't find server id: undefined
27 Oct 16:42:25 - Resolve SilverStream
27 Oct 16:42:25 - Can't find server id: undefined
27 Oct 16:42:25 - Resolve smconf.nsf
27 Oct 16:42:25 - Can't find server id: undefined
27 Oct 16:42:25 - Resolve smadmr5.nsf
27 Oct 16:42:25 - Can't find server id: undefined
27 Oct 16:42:25 - Resolve smency.nsf
27 Oct 16:42:25 - Can't find server id: undefined
27 Oct 16:42:25 - Resolve smftypes.nsf
27 Oct 16:42:25 - Can't find server id: undefined
27 Oct 16:42:25 - Resolve smsmvlog.nsf
27 Oct 16:42:25 - Can't find server id: undefined
27 Oct 16:42:25 - Resolve smhelp.nsf
27 Oct 16:42:25 - Can't find server id: undefined
27 Oct 16:42:25 - Resolve smmsg.nsf
27 Oct 16:42:25 - Can't find server id: undefined
27 Oct 16:42:25 - Resolve smtime.nsf
27 Oct 16:42:25 - Can't find server id: undefined
27 Oct 16:42:25 - Resolve smquar.nsf
27 Oct 16:42:25 - Can't find server id: undefined
27 Oct 16:42:25 - Resolve menu.htm
27 Oct 16:42:25 - Can't find server id: undefined
27 Oct 16:42:25 - Resolve login
27 Oct 16:42:25 - Can't find server id: undefined
27 Oct 16:42:25 - Resolve default.php
27 Oct 16:42:25 - Can't find server id: undefined
27 Oct 16:42:25 - Resolve login
27 Oct 16:42:25 - Can't find server id: undefined
27 Oct 16:42:26 - Resolve login
27 Oct 16:42:26 - Can't find server id: undefined
27 Oct 16:42:26 - Resolve imc
27 Oct 16:42:26 - Can't find server id: undefined
27 Oct 16:42:26 - Resolve VncViewer.jar
27 Oct 16:42:26 - Can't find server id: undefined
27 Oct 16:42:26 - Resolve currentsetting.htm
27 Oct 16:42:26 - Can't find server id: undefined
27 Oct 16:42:26 - Resolve forum.php
27 Oct 16:42:26 - Can't find server id: undefined
27 Oct 16:42:26 - Resolve logout
27 Oct 16:42:26 - Can't find server id: undefined
27 Oct 16:42:26 - Resolve LoginPage.do
27 Oct 16:42:26 - Can't find server id: undefined
27 Oct 16:42:43 - Resolve paulsmac.local
27 Oct 16:42:43 - WebSocket - No server matching undefined
27 Oct 16:42:56 - Resolve ords
27 Oct 16:42:56 - Can't find server id: undefined
27 Oct 16:43:01 - Resolve login.php
27 Oct 16:43:01 - Can't find server id: undefined
27 Oct 16:43:58 - Serve proxy.pac
27 Oct 16:43:58 - Resolve login
27 Oct 16:43:58 - Can't find server id: undefined
27 Oct 16:44:00 - Resolve home.jsf
27 Oct 16:44:00 - Can't find server id: undefined
27 Oct 16:44:01 - Resolve webhost
27 Oct 16:44:01 - Can't find server id: undefined
27 Oct 16:44:02 - Resolve item.fts
27 Oct 16:44:02 - Can't find server id: undefined
27 Oct 16:44:08 - Resolve LoginPage.do
27 Oct 16:44:08 - Can't find server id: undefined
27 Oct 16:44:08 - Resolve index.aspx
27 Oct 16:44:08 - Can't find server id: undefined
27 Oct 16:44:08 - Resolve Default.aspx
27 Oct 16:44:08 - Can't find server id: undefined
27 Oct 16:44:12 - Resolve nul.dbm
27 Oct 16:44:12 - Can't find server id: undefined
27 Oct 16:44:21 - Resolve error_page.htm
27 Oct 16:44:21 - Can't find server id: undefined
27 Oct 16:44:21 - Resolve search
27 Oct 16:44:21 - Can't find server id: undefined
27 Oct 16:44:21 - Resolve search
27 Oct 16:44:21 - Can't find server id: undefined
27 Oct 16:44:21 - Resolve enter.php
27 Oct 16:44:21 - Can't find server id: undefined
27 Oct 16:44:21 - Resolve dev
27 Oct 16:44:21 - Can't find server id: undefined
27 Oct 16:44:21 - Resolve default.asp.
27 Oct 16:44:21 - Can't find server id: undefined
27 Oct 16:44:21 - Resolve ..\pixfir~1\how_to_login.html
27 Oct 16:44:21 - Can't find server id: undefined
27 Oct 16:44:21 - Resolve logon
27 Oct 16:44:21 - Can't find server id: undefined
27 Oct 16:44:21 - Resolve default.asp 
27 Oct 16:44:21 - Can't find server id: undefined
27 Oct 16:44:21 - Resolve ifx
27 Oct 16:44:21 - Can't find server id: undefined
27 Oct 16:44:21 - Resolve admin.cgi
27 Oct 16:44:21 - Can't find server id: undefined
27 Oct 16:44:21 - Resolve administrator.cgi
27 Oct 16:44:21 - Can't find server id: undefined
27 Oct 16:44:21 - Resolve buglist.cgi
27 Oct 16:44:21 - Can't find server id: undefined
27 Oct 16:44:21 - Resolve index.cgi
27 Oct 16:44:21 - Can't find server id: undefined
27 Oct 16:44:21 - Resolve index.pl
27 Oct 16:44:21 - Can't find server id: undefined
27 Oct 16:44:21 - Resolve index.sh
27 Oct 16:44:21 - Can't find server id: undefined
27 Oct 16:44:21 - Resolve nph-mr.cgi
27 Oct 16:44:21 - Can't find server id: undefined
27 Oct 16:44:21 - Resolve query.cgi
27 Oct 16:44:21 - Can't find server id: undefined
27 Oct 16:44:21 - Resolve session_login.cgi
27 Oct 16:44:21 - Can't find server id: undefined
27 Oct 16:44:21 - Resolve show_bug.cgi
27 Oct 16:44:21 - Can't find server id: undefined
27 Oct 16:44:21 - Resolve test
27 Oct 16:44:21 - Can't find server id: undefined
27 Oct 16:44:21 - Resolve test.cgi
27 Oct 16:44:21 - Can't find server id: undefined
27 Oct 16:44:21 - Resolve whois.cgi
27 Oct 16:44:21 - Can't find server id: undefined
27 Oct 16:44:21 - Resolve wp-login.php
27 Oct 16:44:21 - Can't find server id: undefined
27 Oct 16:44:21 - Resolve wwwadmin.cgi
27 Oct 16:44:21 - Can't find server id: undefined
27 Oct 16:44:21 - Resolve wwwboard.cgi
27 Oct 16:44:21 - Can't find server id: undefined
27 Oct 16:44:21 - Resolve 1477611861-mongoose_trailing_slash_disclosure.nasl
27 Oct 16:44:21 - Can't find server id: undefined
27 Oct 16:44:22 - Resolve trace.axd
27 Oct 16:44:22 - Can't find server id: undefined
27 Oct 16:44:28 - Resolve user_settings.cfg
27 Oct 16:44:28 - Can't find server id: undefined
27 Oct 16:44:28 - Resolve index.jsp x
27 Oct 16:44:28 - Can't find server id: undefined
27 Oct 16:44:30 - Resolve wpnpee1.html
27 Oct 16:44:30 - Can't find server id: undefined
27 Oct 16:44:30 - Resolve wpnpee1.html
27 Oct 16:44:30 - Can't find server id: undefined
27 Oct 16:44:35 - Resolve .anydomain.test
27 Oct 16:44:35 - Can't find server id: undefined
27 Oct 16:44:35 - Resolve status.xsl.
27 Oct 16:44:35 - Can't find server id: undefined
27 Oct 16:44:36 - Resolve index.jsp
27 Oct 16:44:36 - Can't find server id: undefined
27 Oct 16:44:36 - Resolve index.jsp
27 Oct 16:44:36 - Can't find server id: undefined
27 Oct 16:44:36 - Resolve default.asp::$DATA
27 Oct 16:44:36 - Can't find server id: undefined
27 Oct 16:44:36 - Resolve note.txt
27 Oct 16:44:36 - Can't find server id: undefined
27 Oct 16:44:36 - Resolve note.txt
27 Oct 16:44:36 - Can't find server id: undefined
27 Oct 16:44:36 - Resolve login_up.php3
27 Oct 16:44:36 - Can't find server id: undefined
27 Oct 16:44:36 - Resolve global.asa
27 Oct 16:44:36 - Can't find server id: undefined
27 Oct 16:44:36 - Resolve admin.cgi
27 Oct 16:44:36 - Can't find server id: undefined
27 Oct 16:44:36 - Resolve administrator.cgi
27 Oct 16:44:36 - Can't find server id: undefined
27 Oct 16:44:36 - Resolve buglist.cgi
27 Oct 16:44:36 - Can't find server id: undefined
27 Oct 16:44:36 - Resolve index.cgi
27 Oct 16:44:36 - Can't find server id: undefined
27 Oct 16:44:36 - Resolve index.pl
27 Oct 16:44:36 - Can't find server id: undefined
27 Oct 16:44:36 - Resolve index.sh
27 Oct 16:44:36 - Can't find server id: undefined
27 Oct 16:44:36 - Resolve nph-mr.cgi
27 Oct 16:44:36 - Can't find server id: undefined
27 Oct 16:44:36 - Resolve query.cgi
27 Oct 16:44:36 - Can't find server id: undefined
27 Oct 16:44:36 - Resolve session_login.cgi
27 Oct 16:44:36 - Can't find server id: undefined
27 Oct 16:44:36 - Resolve show_bug.cgi
27 Oct 16:44:36 - Can't find server id: undefined
27 Oct 16:44:36 - Resolve test
27 Oct 16:44:36 - Can't find server id: undefined
27 Oct 16:44:36 - Resolve test.cgi
27 Oct 16:44:36 - Can't find server id: undefined
27 Oct 16:44:36 - Resolve whois.cgi
27 Oct 16:44:36 - Can't find server id: undefined
27 Oct 16:44:36 - Resolve wp-login.php
27 Oct 16:44:36 - Can't find server id: undefined
27 Oct 16:44:36 - Resolve wwwadmin.cgi
27 Oct 16:44:36 - Can't find server id: undefined
27 Oct 16:44:36 - Resolve wwwboard.cgi
27 Oct 16:44:36 - Can't find server id: undefined
27 Oct 16:47:34 - Serve proxy.pac
27 Oct 16:57:00 - Serve proxy.pac
27 Oct 16:57:41 - Serve proxy.pac
27 Oct 17:03:17 - Serve proxy.pac
27 Oct 17:03:17 - Serve proxy.pac
27 Oct 17:03:18 - Serve proxy.pac
27 Oct 17:03:20 - Serve proxy.pac
27 Oct 17:05:46 - Serve proxy.pac
Exiting
Stop daemon
Remove pid file
